#-----------------------------------------------------------
# Vivado v2015.3 (64-bit)
# SW Build 1368829 on Mon Sep 28 20:06:39 MDT 2015
# IP Build 1367837 on Mon Sep 28 08:56:14 MDT 2015
# Start of session at: Wed Feb 17 10:34:04 2016
# Process ID: 26544
# Current directory: /home/roba/perso/github/nanorv32/synt/fpga
# Command line: vivado -mode tcl -source vivado.tcl
# Log file: /home/roba/perso/github/nanorv32/synt/fpga/vivado.log
# Journal file: /home/roba/perso/github/nanorv32/synt/fpga/vivado.jou
#-----------------------------------------------------------
source vivado.tcl
# source vivado_utils.tcl
## proc reportCriticalPaths { fileName } {
## # Open the specified output file in write mode
## set FH [open $fileName w]
## # Write the current date and CSV format to a file header
## puts $FH "#\n# File created on [clock format [clock seconds]]\n#\n"
## puts $FH "Startpoint,Endpoint,DelayType,Slack,#Levels,#LUTs"
## # Iterate through both Min and Max delay types
## foreach delayType {max min} {
## # Collect details from the 50 worst timing paths for the current analysis
## # (max = setup/recovery, min = hold/removal)
## # The $path variable contains a Timing Path object.
## foreach path [get_timing_paths -delay_type $delayType -max_paths 50 -nworst 1] {
## # Get the LUT cells of the timing paths
## set luts [get_cells -filter {REF_NAME =~ LUT*} -of_object $path]
## # Get the startpoint of the Timing Path object
## set startpoint [get_property STARTPOINT_PIN $path]
## # Get the endpoint of the Timing Path object
## set endpoint [get_property ENDPOINT_PIN $path]
## # Get the slack on the Timing Path object
## set slack [get_property SLACK $path]
## # Get the number of logic levels between startpoint and endpoint
## set levels [get_property LOGIC_LEVELS $path]
## # Save the collected path details to the CSV file
## puts $FH "$startpoint,$endpoint,$delayType,$slack,$levels,[llength $luts]"
## }
## }
## # Close the output file
## close $FH
## puts "CSV file $fileName has been created.\n"
## return 0
## };
# set top_ds [string trim $env(CORTEXM0_DS)]
# set xilinx_part [string trim $env(XILINX_PART)]
# set top ..
# set verilog_files []
# set include_dir []
# source vivado_files.tcl
## lappend include_dir "../../rtl/cores/"
## lappend verilog_files "../../rtl/cores/nanorv32_alu.v"
## lappend verilog_files "../../rtl/cores/nanorv32_regfile.v"
## lappend verilog_files "../../rtl/cores/nanorv32.v"
## lappend verilog_files "../../rtl/ips/bytewrite_ram_32bits.v"
## lappend verilog_files "../../rtl/ips/nanorv32_tcm_ctrl.v"
## lappend verilog_files "../../rtl/ips/nanorv32_tcm_arbitrer.v"
## lappend verilog_files "../../rtl/ips/nanorv32_periph_mux.v"
## lappend verilog_files "../../rtl/ips/nanorv32_gpio_ctrl.v"
## lappend verilog_files "../../rtl/ips/clock_manager/arty_mmcm/arty_mmcm_clk_wiz.v"
## lappend verilog_files "../../rtl/ips/clock_manager/arty_mmcm/arty_mmcm.v"
## lappend verilog_files "../../rtl/chips/nanorv32_clkgen_xilinx.v"
## lappend verilog_files "../../rtl/chips/nanorv32_simple.v"
# foreach vfile $verilog_files {
#     read_verilog $vfile
# }
# read_xdc ./xilinx_constraints.xdc
# synth_design -include_dirs $include_dir -top nanorv32_simple  -part $xilinx_part -flatten_hierarchy none
Command: synth_design -include_dirs ../../rtl/cores/ -top nanorv32_simple -part xc7a35tcsg324-1 -flatten_hierarchy none
Starting synth_design
Attempting to get a license for feature 'Synthesis' and/or device 'xc7a35t'
INFO: [Common 17-349] Got license for feature 'Synthesis' and/or device 'xc7a35t'
---------------------------------------------------------------------------------
Starting RTL Elaboration : Time (s): cpu = 00:00:04 ; elapsed = 00:00:05 . Memory (MB): peak = 1033.238 ; gain = 163.945 ; free physical = 215 ; free virtual = 20587
---------------------------------------------------------------------------------
INFO: [Synth 8-638] synthesizing module 'nanorv32_simple' [/home/roba/perso/github/nanorv32/rtl/chips/nanorv32_simple.v:35]
	Parameter NANORV32_ADDR_SIZE bound to: 16 - type: integer 
	Parameter NANORV32_ADDR_MSB bound to: 15 - type: integer 
	Parameter NANORV32_DATA_SIZE bound to: 32 - type: integer 
	Parameter NANORV32_DATA_MSB bound to: 31 - type: integer 
	Parameter NANORV32_INSTRUCTION_SIZE bound to: 32 - type: integer 
	Parameter NANORV32_INSTRUCTION_MSB bound to: 31 - type: integer 
	Parameter NANORV32_PERIPH_ADDR_SIZE bound to: 16 - type: integer 
	Parameter NANORV32_PERIPH_ADDR_MSB bound to: 15 - type: integer 
	Parameter NANORV32_RF_PORTA_SIZE bound to: 5 - type: integer 
	Parameter NANORV32_RF_PORTA_MSB bound to: 4 - type: integer 
	Parameter NANORV32_RF_PORTB_SIZE bound to: 5 - type: integer 
	Parameter NANORV32_RF_PORTB_MSB bound to: 4 - type: integer 
	Parameter NANORV32_RF_PORTRD_SIZE bound to: 5 - type: integer 
	Parameter NANORV32_RF_PORTRD_MSB bound to: 4 - type: integer 
	Parameter NANORV32_INST_FORMAT_OPCODE1_OFFSET bound to: 0 - type: integer 
	Parameter NANORV32_INST_FORMAT_OPCODE1_SIZE bound to: 7 - type: integer 
	Parameter NANORV32_INST_FORMAT_OPCODE1_MSB bound to: 6 - type: integer 
	Parameter NANORV32_INST_FORMAT_FUNC3_OFFSET bound to: 12 - type: integer 
	Parameter NANORV32_INST_FORMAT_FUNC3_SIZE bound to: 3 - type: integer 
	Parameter NANORV32_INST_FORMAT_FUNC3_MSB bound to: 2 - type: integer 
	Parameter NANORV32_INST_FORMAT_FUNC7_OFFSET bound to: 25 - type: integer 
	Parameter NANORV32_INST_FORMAT_FUNC7_SIZE bound to: 7 - type: integer 
	Parameter NANORV32_INST_FORMAT_FUNC7_MSB bound to: 6 - type: integer 
	Parameter NANORV32_INST_FORMAT_RD_OFFSET bound to: 7 - type: integer 
	Parameter NANORV32_INST_FORMAT_RD_SIZE bound to: 5 - type: integer 
	Parameter NANORV32_INST_FORMAT_RD_MSB bound to: 4 - type: integer 
	Parameter NANORV32_INST_FORMAT_RS1_OFFSET bound to: 15 - type: integer 
	Parameter NANORV32_INST_FORMAT_RS1_SIZE bound to: 5 - type: integer 
	Parameter NANORV32_INST_FORMAT_RS1_MSB bound to: 4 - type: integer 
	Parameter NANORV32_INST_FORMAT_RS2_OFFSET bound to: 20 - type: integer 
	Parameter NANORV32_INST_FORMAT_RS2_SIZE bound to: 5 - type: integer 
	Parameter NANORV32_INST_FORMAT_RS2_MSB bound to: 4 - type: integer 
	Parameter NANORV32_INST_FORMAT_IMM12_OFFSET bound to: 20 - type: integer 
	Parameter NANORV32_INST_FORMAT_IMM12_SIZE bound to: 12 - type: integer 
	Parameter NANORV32_INST_FORMAT_IMM12_MSB bound to: 11 - type: integer 
	Parameter NANORV32_INST_FORMAT_IMM12HI_OFFSET bound to: 25 - type: integer 
	Parameter NANORV32_INST_FORMAT_IMM12HI_SIZE bound to: 7 - type: integer 
	Parameter NANORV32_INST_FORMAT_IMM12HI_MSB bound to: 6 - type: integer 
	Parameter NANORV32_INST_FORMAT_IMM12LO_OFFSET bound to: 7 - type: integer 
	Parameter NANORV32_INST_FORMAT_IMM12LO_SIZE bound to: 5 - type: integer 
	Parameter NANORV32_INST_FORMAT_IMM12LO_MSB bound to: 4 - type: integer 
	Parameter NANORV32_INST_FORMAT_IMMSB2_OFFSET bound to: 25 - type: integer 
	Parameter NANORV32_INST_FORMAT_IMMSB2_SIZE bound to: 7 - type: integer 
	Parameter NANORV32_INST_FORMAT_IMMSB2_MSB bound to: 6 - type: integer 
	Parameter NANORV32_INST_FORMAT_IMMSB1_OFFSET bound to: 7 - type: integer 
	Parameter NANORV32_INST_FORMAT_IMMSB1_SIZE bound to: 5 - type: integer 
	Parameter NANORV32_INST_FORMAT_IMMSB1_MSB bound to: 4 - type: integer 
	Parameter NANORV32_INST_FORMAT_IMM20_OFFSET bound to: 12 - type: integer 
	Parameter NANORV32_INST_FORMAT_IMM20_SIZE bound to: 20 - type: integer 
	Parameter NANORV32_INST_FORMAT_IMM20_MSB bound to: 19 - type: integer 
	Parameter NANORV32_INST_FORMAT_IMM20UJ_OFFSET bound to: 12 - type: integer 
	Parameter NANORV32_INST_FORMAT_IMM20UJ_SIZE bound to: 20 - type: integer 
	Parameter NANORV32_INST_FORMAT_IMM20UJ_MSB bound to: 19 - type: integer 
	Parameter NANORV32_INST_FORMAT_SHAMT_OFFSET bound to: 20 - type: integer 
	Parameter NANORV32_INST_FORMAT_SHAMT_SIZE bound to: 5 - type: integer 
	Parameter NANORV32_INST_FORMAT_SHAMT_MSB bound to: 4 - type: integer 
	Parameter NANORV32_INST_FORMAT_FUNC4_OFFSET bound to: 28 - type: integer 
	Parameter NANORV32_INST_FORMAT_FUNC4_SIZE bound to: 4 - type: integer 
	Parameter NANORV32_INST_FORMAT_FUNC4_MSB bound to: 3 - type: integer 
	Parameter NANORV32_INST_FORMAT_FUNC12_OFFSET bound to: 20 - type: integer 
	Parameter NANORV32_INST_FORMAT_FUNC12_SIZE bound to: 12 - type: integer 
	Parameter NANORV32_INST_FORMAT_FUNC12_MSB bound to: 11 - type: integer 
	Parameter NANORV32_DECODE_AND bound to: 28723 - type: integer 
	Parameter NANORV32_DECODE_LBU bound to: 16387 - type: integer 
	Parameter NANORV32_DECODE_FENCE bound to: 15 - type: integer 
	Parameter NANORV32_DECODE_SLTI bound to: 8211 - type: integer 
	Parameter NANORV32_DECODE_BLTU bound to: 24675 - type: integer 
	Parameter NANORV32_DECODE_XOR bound to: 16435 - type: integer 
	Parameter NANORV32_DECODE_SLL bound to: 4147 - type: integer 
	Parameter NANORV32_DECODE_LD bound to: 12291 - type: integer 
	Parameter NANORV32_DECODE_ANDI bound to: 28691 - type: integer 
	Parameter NANORV32_DECODE_JALR bound to: 103 - type: integer 
	Parameter NANORV32_DECODE_BLT bound to: 16483 - type: integer 
	Parameter NANORV32_DECODE_SCALL bound to: 115 - type: integer 
	Parameter NANORV32_DECODE_FENCE_I bound to: 4111 - type: integer 
	Parameter NANORV32_DECODE_ADD bound to: 51 - type: integer 
	Parameter NANORV32_DECODE_LH bound to: 4099 - type: integer 
	Parameter NANORV32_DECODE_LWU bound to: 24579 - type: integer 
	Parameter NANORV32_DECODE_LW bound to: 8195 - type: integer 
	Parameter NANORV32_DECODE_JAL bound to: 111 - type: integer 
	Parameter NANORV32_DECODE_AUIPC bound to: 23 - type: integer 
	Parameter NANORV32_DECODE_LUI bound to: 55 - type: integer 
	Parameter NANORV32_DECODE_ADDI bound to: 19 - type: integer 
	Parameter NANORV32_DECODE_SBREAK bound to: 1048691 - type: integer 
	Parameter NANORV32_DECODE_BGEU bound to: 28771 - type: integer 
	Parameter NANORV32_DECODE_SLTIU bound to: 12307 - type: integer 
	Parameter NANORV32_DECODE_SRAI bound to: 1073762323 - type: integer 
	Parameter NANORV32_DECODE_ORI bound to: 24595 - type: integer 
	Parameter NANORV32_DECODE_XORI bound to: 16403 - type: integer 
	Parameter NANORV32_DECODE_LB bound to: 3 - type: integer 
	Parameter NANORV32_DECODE_SUB bound to: 1073741875 - type: integer 
	Parameter NANORV32_DECODE_SRA bound to: 1073762355 - type: integer 
	Parameter NANORV32_DECODE_BGE bound to: 20579 - type: integer 
	Parameter NANORV32_DECODE_SLT bound to: 8243 - type: integer 
	Parameter NANORV32_DECODE_SRLI bound to: 20499 - type: integer 
	Parameter NANORV32_DECODE_SW bound to: 8227 - type: integer 
	Parameter NANORV32_DECODE_SRL bound to: 20531 - type: integer 
	Parameter NANORV32_DECODE_SLTU bound to: 12339 - type: integer 
	Parameter NANORV32_DECODE_LHU bound to: 20483 - type: integer 
	Parameter NANORV32_DECODE_SH bound to: 4131 - type: integer 
	Parameter NANORV32_DECODE_SLLI bound to: 4115 - type: integer 
	Parameter NANORV32_DECODE_BNE bound to: 4195 - type: integer 
	Parameter NANORV32_DECODE_SB bound to: 35 - type: integer 
	Parameter NANORV32_DECODE_BEQ bound to: 99 - type: integer 
	Parameter NANORV32_DECODE_OR bound to: 24627 - type: integer 
	Parameter NANORV32_DECODE_SD bound to: 12323 - type: integer 
	Parameter NANORV32_MUX_SEL_PC_NEXT_SIZE bound to: 2 - type: integer 
	Parameter NANORV32_MUX_SEL_PC_NEXT_MSB bound to: 1 - type: integer 
	Parameter NANORV32_MUX_SEL_PC_NEXT_COND_PC_PLUS_IMMSB bound to: 0 - type: integer 
	Parameter NANORV32_MUX_SEL_PC_NEXT_PLUS4 bound to: 1 - type: integer 
	Parameter NANORV32_MUX_SEL_PC_NEXT_ALU_RES bound to: 2 - type: integer 
	Parameter NANORV32_MUX_SEL_ALU_OP_SIZE bound to: 4 - type: integer 
	Parameter NANORV32_MUX_SEL_ALU_OP_MSB bound to: 3 - type: integer 
	Parameter NANORV32_MUX_SEL_ALU_OP_AND bound to: 0 - type: integer 
	Parameter NANORV32_MUX_SEL_ALU_OP_XOR bound to: 1 - type: integer 
	Parameter NANORV32_MUX_SEL_ALU_OP_SUB bound to: 2 - type: integer 
	Parameter NANORV32_MUX_SEL_ALU_OP_LT_SIGNED bound to: 3 - type: integer 
	Parameter NANORV32_MUX_SEL_ALU_OP_GE_UNSIGNED bound to: 4 - type: integer 
	Parameter NANORV32_MUX_SEL_ALU_OP_NOP bound to: 5 - type: integer 
	Parameter NANORV32_MUX_SEL_ALU_OP_ARSHIFT bound to: 6 - type: integer 
	Parameter NANORV32_MUX_SEL_ALU_OP_GE_SIGNED bound to: 7 - type: integer 
	Parameter NANORV32_MUX_SEL_ALU_OP_LT_UNSIGNED bound to: 8 - type: integer 
	Parameter NANORV32_MUX_SEL_ALU_OP_ADD bound to: 9 - type: integer 
	Parameter NANORV32_MUX_SEL_ALU_OP_NOOP bound to: 10 - type: integer 
	Parameter NANORV32_MUX_SEL_ALU_OP_LSHIFT bound to: 11 - type: integer 
	Parameter NANORV32_MUX_SEL_ALU_OP_RSHIFT bound to: 12 - type: integer 
	Parameter NANORV32_MUX_SEL_ALU_OP_EQ bound to: 13 - type: integer 
	Parameter NANORV32_MUX_SEL_ALU_OP_OR bound to: 14 - type: integer 
	Parameter NANORV32_MUX_SEL_ALU_OP_NEQ bound to: 15 - type: integer 
	Parameter NANORV32_MUX_SEL_ALU_PORTB_SIZE bound to: 3 - type: integer 
	Parameter NANORV32_MUX_SEL_ALU_PORTB_MSB bound to: 2 - type: integer 
	Parameter NANORV32_MUX_SEL_ALU_PORTB_SHAMT bound to: 0 - type: integer 
	Parameter NANORV32_MUX_SEL_ALU_PORTB_IMM12 bound to: 1 - type: integer 
	Parameter NANORV32_MUX_SEL_ALU_PORTB_IMM12HILO bound to: 2 - type: integer 
	Parameter NANORV32_MUX_SEL_ALU_PORTB_IMM20U bound to: 3 - type: integer 
	Parameter NANORV32_MUX_SEL_ALU_PORTB_IMM20UJ bound to: 4 - type: integer 
	Parameter NANORV32_MUX_SEL_ALU_PORTB_RS2 bound to: 5 - type: integer 
	Parameter NANORV32_MUX_SEL_ALU_PORTA_SIZE bound to: 1 - type: integer 
	Parameter NANORV32_MUX_SEL_ALU_PORTA_MSB bound to: 0 - type: integer 
	Parameter NANORV32_MUX_SEL_ALU_PORTA_PC_EXE bound to: 0 - type: integer 
	Parameter NANORV32_MUX_SEL_ALU_PORTA_RS1 bound to: 1 - type: integer 
	Parameter NANORV32_MUX_SEL_DATAMEM_SIZE_READ_SIZE bound to: 3 - type: integer 
	Parameter NANORV32_MUX_SEL_DATAMEM_SIZE_READ_MSB bound to: 2 - type: integer 
	Parameter NANORV32_MUX_SEL_DATAMEM_SIZE_READ_HALFWORD_UNSIGNED bound to: 0 - type: integer 
	Parameter NANORV32_MUX_SEL_DATAMEM_SIZE_READ_HALFWORD bound to: 1 - type: integer 
	Parameter NANORV32_MUX_SEL_DATAMEM_SIZE_READ_WORD bound to: 2 - type: integer 
	Parameter NANORV32_MUX_SEL_DATAMEM_SIZE_READ_BYTE bound to: 3 - type: integer 
	Parameter NANORV32_MUX_SEL_DATAMEM_SIZE_READ_BYTE_UNSIGNED bound to: 4 - type: integer 
	Parameter NANORV32_MUX_SEL_DATAMEM_WRITE_SIZE bound to: 2 - type: integer 
	Parameter NANORV32_MUX_SEL_DATAMEM_WRITE_MSB bound to: 1 - type: integer 
	Parameter NANORV32_MUX_SEL_DATAMEM_WRITE_YES bound to: 0 - type: integer 
	Parameter NANORV32_MUX_SEL_DATAMEM_WRITE_WORD bound to: 1 - type: integer 
	Parameter NANORV32_MUX_SEL_DATAMEM_WRITE_NO bound to: 2 - type: integer 
	Parameter NANORV32_MUX_SEL_DATAMEM_SIZE_WRITE_SIZE bound to: 2 - type: integer 
	Parameter NANORV32_MUX_SEL_DATAMEM_SIZE_WRITE_MSB bound to: 1 - type: integer 
	Parameter NANORV32_MUX_SEL_DATAMEM_SIZE_WRITE_BYTE bound to: 0 - type: integer 
	Parameter NANORV32_MUX_SEL_DATAMEM_SIZE_WRITE_HALFWORD bound to: 1 - type: integer 
	Parameter NANORV32_MUX_SEL_DATAMEM_SIZE_WRITE_WORD bound to: 2 - type: integer 
	Parameter NANORV32_MUX_SEL_DATAMEM_READ_SIZE bound to: 1 - type: integer 
	Parameter NANORV32_MUX_SEL_DATAMEM_READ_MSB bound to: 0 - type: integer 
	Parameter NANORV32_MUX_SEL_DATAMEM_READ_YES bound to: 0 - type: integer 
	Parameter NANORV32_MUX_SEL_DATAMEM_READ_NO bound to: 1 - type: integer 
	Parameter NANORV32_MUX_SEL_REGFILE_SOURCE_SIZE bound to: 2 - type: integer 
	Parameter NANORV32_MUX_SEL_REGFILE_SOURCE_MSB bound to: 1 - type: integer 
	Parameter NANORV32_MUX_SEL_REGFILE_SOURCE_PC_EXE_PLUS_4 bound to: 0 - type: integer 
	Parameter NANORV32_MUX_SEL_REGFILE_SOURCE_ALU bound to: 1 - type: integer 
	Parameter NANORV32_MUX_SEL_REGFILE_SOURCE_DATAMEM bound to: 2 - type: integer 
	Parameter NANORV32_MUX_SEL_REGFILE_WRITE_SIZE bound to: 1 - type: integer 
	Parameter NANORV32_MUX_SEL_REGFILE_WRITE_MSB bound to: 0 - type: integer 
	Parameter NANORV32_MUX_SEL_REGFILE_WRITE_YES bound to: 0 - type: integer 
	Parameter NANORV32_MUX_SEL_REGFILE_WRITE_NO bound to: 1 - type: integer 
	Parameter NANORV32_SHAMT_FILL bound to: 27 - type: integer 
	Parameter NANORV32_PSTATE_BITS bound to: 3 - type: integer 
	Parameter NANORV32_PSTATE_MSB bound to: 2 - type: integer 
	Parameter NANORV32_PSTATE_RESET bound to: 0 - type: integer 
	Parameter NANORV32_PSTATE_CONT bound to: 1 - type: integer 
	Parameter NANORV32_PSTATE_BRANCH bound to: 2 - type: integer 
	Parameter NANORV32_PSTATE_STALL bound to: 3 - type: integer 
	Parameter NANORV32_PSTATE_WAITLD bound to: 4 - type: integer 
	Parameter NANORV32_J0_INSTRUCTION bound to: 111 - type: integer 
	Parameter NANORV32_CODE_BASE_ADDRESS bound to: 0 - type: integer 
	Parameter NANORV32_RAM_BASE_ADDRESS bound to: 536870912 - type: integer 
	Parameter NANORV32_PERIPH_BASE_ADDRESS bound to: -268435456 - type: integer 
	Parameter AW bound to: 15 - type: integer 
	Parameter ADDR_WIDTH bound to: 15 - type: integer 
INFO: [Synth 8-638] synthesizing module 'nanorv32' [/home/roba/perso/github/nanorv32/rtl/cores/nanorv32.v:34]
	Parameter NANORV32_ADDR_SIZE bound to: 16 - type: integer 
	Parameter NANORV32_ADDR_MSB bound to: 15 - type: integer 
	Parameter NANORV32_DATA_SIZE bound to: 32 - type: integer 
	Parameter NANORV32_DATA_MSB bound to: 31 - type: integer 
	Parameter NANORV32_INSTRUCTION_SIZE bound to: 32 - type: integer 
	Parameter NANORV32_INSTRUCTION_MSB bound to: 31 - type: integer 
	Parameter NANORV32_PERIPH_ADDR_SIZE bound to: 16 - type: integer 
	Parameter NANORV32_PERIPH_ADDR_MSB bound to: 15 - type: integer 
	Parameter NANORV32_RF_PORTA_SIZE bound to: 5 - type: integer 
	Parameter NANORV32_RF_PORTA_MSB bound to: 4 - type: integer 
	Parameter NANORV32_RF_PORTB_SIZE bound to: 5 - type: integer 
	Parameter NANORV32_RF_PORTB_MSB bound to: 4 - type: integer 
	Parameter NANORV32_RF_PORTRD_SIZE bound to: 5 - type: integer 
	Parameter NANORV32_RF_PORTRD_MSB bound to: 4 - type: integer 
	Parameter NANORV32_INST_FORMAT_OPCODE1_OFFSET bound to: 0 - type: integer 
	Parameter NANORV32_INST_FORMAT_OPCODE1_SIZE bound to: 7 - type: integer 
	Parameter NANORV32_INST_FORMAT_OPCODE1_MSB bound to: 6 - type: integer 
	Parameter NANORV32_INST_FORMAT_FUNC3_OFFSET bound to: 12 - type: integer 
	Parameter NANORV32_INST_FORMAT_FUNC3_SIZE bound to: 3 - type: integer 
	Parameter NANORV32_INST_FORMAT_FUNC3_MSB bound to: 2 - type: integer 
	Parameter NANORV32_INST_FORMAT_FUNC7_OFFSET bound to: 25 - type: integer 
	Parameter NANORV32_INST_FORMAT_FUNC7_SIZE bound to: 7 - type: integer 
	Parameter NANORV32_INST_FORMAT_FUNC7_MSB bound to: 6 - type: integer 
	Parameter NANORV32_INST_FORMAT_RD_OFFSET bound to: 7 - type: integer 
	Parameter NANORV32_INST_FORMAT_RD_SIZE bound to: 5 - type: integer 
	Parameter NANORV32_INST_FORMAT_RD_MSB bound to: 4 - type: integer 
	Parameter NANORV32_INST_FORMAT_RS1_OFFSET bound to: 15 - type: integer 
	Parameter NANORV32_INST_FORMAT_RS1_SIZE bound to: 5 - type: integer 
	Parameter NANORV32_INST_FORMAT_RS1_MSB bound to: 4 - type: integer 
	Parameter NANORV32_INST_FORMAT_RS2_OFFSET bound to: 20 - type: integer 
	Parameter NANORV32_INST_FORMAT_RS2_SIZE bound to: 5 - type: integer 
	Parameter NANORV32_INST_FORMAT_RS2_MSB bound to: 4 - type: integer 
	Parameter NANORV32_INST_FORMAT_IMM12_OFFSET bound to: 20 - type: integer 
	Parameter NANORV32_INST_FORMAT_IMM12_SIZE bound to: 12 - type: integer 
	Parameter NANORV32_INST_FORMAT_IMM12_MSB bound to: 11 - type: integer 
	Parameter NANORV32_INST_FORMAT_IMM12HI_OFFSET bound to: 25 - type: integer 
	Parameter NANORV32_INST_FORMAT_IMM12HI_SIZE bound to: 7 - type: integer 
	Parameter NANORV32_INST_FORMAT_IMM12HI_MSB bound to: 6 - type: integer 
	Parameter NANORV32_INST_FORMAT_IMM12LO_OFFSET bound to: 7 - type: integer 
	Parameter NANORV32_INST_FORMAT_IMM12LO_SIZE bound to: 5 - type: integer 
	Parameter NANORV32_INST_FORMAT_IMM12LO_MSB bound to: 4 - type: integer 
	Parameter NANORV32_INST_FORMAT_IMMSB2_OFFSET bound to: 25 - type: integer 
	Parameter NANORV32_INST_FORMAT_IMMSB2_SIZE bound to: 7 - type: integer 
	Parameter NANORV32_INST_FORMAT_IMMSB2_MSB bound to: 6 - type: integer 
	Parameter NANORV32_INST_FORMAT_IMMSB1_OFFSET bound to: 7 - type: integer 
	Parameter NANORV32_INST_FORMAT_IMMSB1_SIZE bound to: 5 - type: integer 
	Parameter NANORV32_INST_FORMAT_IMMSB1_MSB bound to: 4 - type: integer 
	Parameter NANORV32_INST_FORMAT_IMM20_OFFSET bound to: 12 - type: integer 
	Parameter NANORV32_INST_FORMAT_IMM20_SIZE bound to: 20 - type: integer 
	Parameter NANORV32_INST_FORMAT_IMM20_MSB bound to: 19 - type: integer 
	Parameter NANORV32_INST_FORMAT_IMM20UJ_OFFSET bound to: 12 - type: integer 
	Parameter NANORV32_INST_FORMAT_IMM20UJ_SIZE bound to: 20 - type: integer 
	Parameter NANORV32_INST_FORMAT_IMM20UJ_MSB bound to: 19 - type: integer 
	Parameter NANORV32_INST_FORMAT_SHAMT_OFFSET bound to: 20 - type: integer 
	Parameter NANORV32_INST_FORMAT_SHAMT_SIZE bound to: 5 - type: integer 
	Parameter NANORV32_INST_FORMAT_SHAMT_MSB bound to: 4 - type: integer 
	Parameter NANORV32_INST_FORMAT_FUNC4_OFFSET bound to: 28 - type: integer 
	Parameter NANORV32_INST_FORMAT_FUNC4_SIZE bound to: 4 - type: integer 
	Parameter NANORV32_INST_FORMAT_FUNC4_MSB bound to: 3 - type: integer 
	Parameter NANORV32_INST_FORMAT_FUNC12_OFFSET bound to: 20 - type: integer 
	Parameter NANORV32_INST_FORMAT_FUNC12_SIZE bound to: 12 - type: integer 
	Parameter NANORV32_INST_FORMAT_FUNC12_MSB bound to: 11 - type: integer 
	Parameter NANORV32_DECODE_AND bound to: 28723 - type: integer 
	Parameter NANORV32_DECODE_LBU bound to: 16387 - type: integer 
	Parameter NANORV32_DECODE_FENCE bound to: 15 - type: integer 
	Parameter NANORV32_DECODE_SLTI bound to: 8211 - type: integer 
	Parameter NANORV32_DECODE_BLTU bound to: 24675 - type: integer 
	Parameter NANORV32_DECODE_XOR bound to: 16435 - type: integer 
	Parameter NANORV32_DECODE_SLL bound to: 4147 - type: integer 
	Parameter NANORV32_DECODE_LD bound to: 12291 - type: integer 
	Parameter NANORV32_DECODE_ANDI bound to: 28691 - type: integer 
	Parameter NANORV32_DECODE_JALR bound to: 103 - type: integer 
	Parameter NANORV32_DECODE_BLT bound to: 16483 - type: integer 
	Parameter NANORV32_DECODE_SCALL bound to: 115 - type: integer 
	Parameter NANORV32_DECODE_FENCE_I bound to: 4111 - type: integer 
	Parameter NANORV32_DECODE_ADD bound to: 51 - type: integer 
	Parameter NANORV32_DECODE_LH bound to: 4099 - type: integer 
	Parameter NANORV32_DECODE_LWU bound to: 24579 - type: integer 
	Parameter NANORV32_DECODE_LW bound to: 8195 - type: integer 
	Parameter NANORV32_DECODE_JAL bound to: 111 - type: integer 
	Parameter NANORV32_DECODE_AUIPC bound to: 23 - type: integer 
	Parameter NANORV32_DECODE_LUI bound to: 55 - type: integer 
	Parameter NANORV32_DECODE_ADDI bound to: 19 - type: integer 
	Parameter NANORV32_DECODE_SBREAK bound to: 1048691 - type: integer 
	Parameter NANORV32_DECODE_BGEU bound to: 28771 - type: integer 
	Parameter NANORV32_DECODE_SLTIU bound to: 12307 - type: integer 
	Parameter NANORV32_DECODE_SRAI bound to: 1073762323 - type: integer 
	Parameter NANORV32_DECODE_ORI bound to: 24595 - type: integer 
	Parameter NANORV32_DECODE_XORI bound to: 16403 - type: integer 
	Parameter NANORV32_DECODE_LB bound to: 3 - type: integer 
	Parameter NANORV32_DECODE_SUB bound to: 1073741875 - type: integer 
	Parameter NANORV32_DECODE_SRA bound to: 1073762355 - type: integer 
	Parameter NANORV32_DECODE_BGE bound to: 20579 - type: integer 
	Parameter NANORV32_DECODE_SLT bound to: 8243 - type: integer 
	Parameter NANORV32_DECODE_SRLI bound to: 20499 - type: integer 
	Parameter NANORV32_DECODE_SW bound to: 8227 - type: integer 
	Parameter NANORV32_DECODE_SRL bound to: 20531 - type: integer 
	Parameter NANORV32_DECODE_SLTU bound to: 12339 - type: integer 
	Parameter NANORV32_DECODE_LHU bound to: 20483 - type: integer 
	Parameter NANORV32_DECODE_SH bound to: 4131 - type: integer 
	Parameter NANORV32_DECODE_SLLI bound to: 4115 - type: integer 
	Parameter NANORV32_DECODE_BNE bound to: 4195 - type: integer 
	Parameter NANORV32_DECODE_SB bound to: 35 - type: integer 
	Parameter NANORV32_DECODE_BEQ bound to: 99 - type: integer 
	Parameter NANORV32_DECODE_OR bound to: 24627 - type: integer 
	Parameter NANORV32_DECODE_SD bound to: 12323 - type: integer 
	Parameter NANORV32_MUX_SEL_PC_NEXT_SIZE bound to: 2 - type: integer 
	Parameter NANORV32_MUX_SEL_PC_NEXT_MSB bound to: 1 - type: integer 
	Parameter NANORV32_MUX_SEL_PC_NEXT_COND_PC_PLUS_IMMSB bound to: 0 - type: integer 
	Parameter NANORV32_MUX_SEL_PC_NEXT_PLUS4 bound to: 1 - type: integer 
	Parameter NANORV32_MUX_SEL_PC_NEXT_ALU_RES bound to: 2 - type: integer 
	Parameter NANORV32_MUX_SEL_ALU_OP_SIZE bound to: 4 - type: integer 
	Parameter NANORV32_MUX_SEL_ALU_OP_MSB bound to: 3 - type: integer 
	Parameter NANORV32_MUX_SEL_ALU_OP_AND bound to: 0 - type: integer 
	Parameter NANORV32_MUX_SEL_ALU_OP_XOR bound to: 1 - type: integer 
	Parameter NANORV32_MUX_SEL_ALU_OP_SUB bound to: 2 - type: integer 
	Parameter NANORV32_MUX_SEL_ALU_OP_LT_SIGNED bound to: 3 - type: integer 
	Parameter NANORV32_MUX_SEL_ALU_OP_GE_UNSIGNED bound to: 4 - type: integer 
	Parameter NANORV32_MUX_SEL_ALU_OP_NOP bound to: 5 - type: integer 
	Parameter NANORV32_MUX_SEL_ALU_OP_ARSHIFT bound to: 6 - type: integer 
	Parameter NANORV32_MUX_SEL_ALU_OP_GE_SIGNED bound to: 7 - type: integer 
	Parameter NANORV32_MUX_SEL_ALU_OP_LT_UNSIGNED bound to: 8 - type: integer 
	Parameter NANORV32_MUX_SEL_ALU_OP_ADD bound to: 9 - type: integer 
	Parameter NANORV32_MUX_SEL_ALU_OP_NOOP bound to: 10 - type: integer 
	Parameter NANORV32_MUX_SEL_ALU_OP_LSHIFT bound to: 11 - type: integer 
	Parameter NANORV32_MUX_SEL_ALU_OP_RSHIFT bound to: 12 - type: integer 
	Parameter NANORV32_MUX_SEL_ALU_OP_EQ bound to: 13 - type: integer 
	Parameter NANORV32_MUX_SEL_ALU_OP_OR bound to: 14 - type: integer 
	Parameter NANORV32_MUX_SEL_ALU_OP_NEQ bound to: 15 - type: integer 
	Parameter NANORV32_MUX_SEL_ALU_PORTB_SIZE bound to: 3 - type: integer 
	Parameter NANORV32_MUX_SEL_ALU_PORTB_MSB bound to: 2 - type: integer 
	Parameter NANORV32_MUX_SEL_ALU_PORTB_SHAMT bound to: 0 - type: integer 
	Parameter NANORV32_MUX_SEL_ALU_PORTB_IMM12 bound to: 1 - type: integer 
	Parameter NANORV32_MUX_SEL_ALU_PORTB_IMM12HILO bound to: 2 - type: integer 
	Parameter NANORV32_MUX_SEL_ALU_PORTB_IMM20U bound to: 3 - type: integer 
	Parameter NANORV32_MUX_SEL_ALU_PORTB_IMM20UJ bound to: 4 - type: integer 
	Parameter NANORV32_MUX_SEL_ALU_PORTB_RS2 bound to: 5 - type: integer 
	Parameter NANORV32_MUX_SEL_ALU_PORTA_SIZE bound to: 1 - type: integer 
	Parameter NANORV32_MUX_SEL_ALU_PORTA_MSB bound to: 0 - type: integer 
	Parameter NANORV32_MUX_SEL_ALU_PORTA_PC_EXE bound to: 0 - type: integer 
	Parameter NANORV32_MUX_SEL_ALU_PORTA_RS1 bound to: 1 - type: integer 
	Parameter NANORV32_MUX_SEL_DATAMEM_SIZE_READ_SIZE bound to: 3 - type: integer 
	Parameter NANORV32_MUX_SEL_DATAMEM_SIZE_READ_MSB bound to: 2 - type: integer 
	Parameter NANORV32_MUX_SEL_DATAMEM_SIZE_READ_HALFWORD_UNSIGNED bound to: 0 - type: integer 
	Parameter NANORV32_MUX_SEL_DATAMEM_SIZE_READ_HALFWORD bound to: 1 - type: integer 
	Parameter NANORV32_MUX_SEL_DATAMEM_SIZE_READ_WORD bound to: 2 - type: integer 
	Parameter NANORV32_MUX_SEL_DATAMEM_SIZE_READ_BYTE bound to: 3 - type: integer 
	Parameter NANORV32_MUX_SEL_DATAMEM_SIZE_READ_BYTE_UNSIGNED bound to: 4 - type: integer 
	Parameter NANORV32_MUX_SEL_DATAMEM_WRITE_SIZE bound to: 2 - type: integer 
	Parameter NANORV32_MUX_SEL_DATAMEM_WRITE_MSB bound to: 1 - type: integer 
	Parameter NANORV32_MUX_SEL_DATAMEM_WRITE_YES bound to: 0 - type: integer 
	Parameter NANORV32_MUX_SEL_DATAMEM_WRITE_WORD bound to: 1 - type: integer 
	Parameter NANORV32_MUX_SEL_DATAMEM_WRITE_NO bound to: 2 - type: integer 
	Parameter NANORV32_MUX_SEL_DATAMEM_SIZE_WRITE_SIZE bound to: 2 - type: integer 
	Parameter NANORV32_MUX_SEL_DATAMEM_SIZE_WRITE_MSB bound to: 1 - type: integer 
	Parameter NANORV32_MUX_SEL_DATAMEM_SIZE_WRITE_BYTE bound to: 0 - type: integer 
	Parameter NANORV32_MUX_SEL_DATAMEM_SIZE_WRITE_HALFWORD bound to: 1 - type: integer 
	Parameter NANORV32_MUX_SEL_DATAMEM_SIZE_WRITE_WORD bound to: 2 - type: integer 
	Parameter NANORV32_MUX_SEL_DATAMEM_READ_SIZE bound to: 1 - type: integer 
	Parameter NANORV32_MUX_SEL_DATAMEM_READ_MSB bound to: 0 - type: integer 
	Parameter NANORV32_MUX_SEL_DATAMEM_READ_YES bound to: 0 - type: integer 
	Parameter NANORV32_MUX_SEL_DATAMEM_READ_NO bound to: 1 - type: integer 
	Parameter NANORV32_MUX_SEL_REGFILE_SOURCE_SIZE bound to: 2 - type: integer 
	Parameter NANORV32_MUX_SEL_REGFILE_SOURCE_MSB bound to: 1 - type: integer 
	Parameter NANORV32_MUX_SEL_REGFILE_SOURCE_PC_EXE_PLUS_4 bound to: 0 - type: integer 
	Parameter NANORV32_MUX_SEL_REGFILE_SOURCE_ALU bound to: 1 - type: integer 
	Parameter NANORV32_MUX_SEL_REGFILE_SOURCE_DATAMEM bound to: 2 - type: integer 
	Parameter NANORV32_MUX_SEL_REGFILE_WRITE_SIZE bound to: 1 - type: integer 
	Parameter NANORV32_MUX_SEL_REGFILE_WRITE_MSB bound to: 0 - type: integer 
	Parameter NANORV32_MUX_SEL_REGFILE_WRITE_YES bound to: 0 - type: integer 
	Parameter NANORV32_MUX_SEL_REGFILE_WRITE_NO bound to: 1 - type: integer 
	Parameter NANORV32_SHAMT_FILL bound to: 27 - type: integer 
	Parameter NANORV32_PSTATE_BITS bound to: 3 - type: integer 
	Parameter NANORV32_PSTATE_MSB bound to: 2 - type: integer 
	Parameter NANORV32_PSTATE_RESET bound to: 0 - type: integer 
	Parameter NANORV32_PSTATE_CONT bound to: 1 - type: integer 
	Parameter NANORV32_PSTATE_BRANCH bound to: 2 - type: integer 
	Parameter NANORV32_PSTATE_STALL bound to: 3 - type: integer 
	Parameter NANORV32_PSTATE_WAITLD bound to: 4 - type: integer 
	Parameter NANORV32_J0_INSTRUCTION bound to: 111 - type: integer 
	Parameter NANORV32_CODE_BASE_ADDRESS bound to: 0 - type: integer 
	Parameter NANORV32_RAM_BASE_ADDRESS bound to: 536870912 - type: integer 
	Parameter NANORV32_PERIPH_BASE_ADDRESS bound to: -268435456 - type: integer 
INFO: [Synth 8-226] default block is never used [/home/roba/perso/github/nanorv32/rtl/cores/nanorv32.v:752]
INFO: [Synth 8-226] default block is never used [/home/roba/perso/github/nanorv32/rtl/cores/nanorv32.v:786]
INFO: [Synth 8-226] default block is never used [/home/roba/perso/github/nanorv32/rtl/cores/nanorv32.v:806]
INFO: [Synth 8-638] synthesizing module 'nanorv32_regfile' [/home/roba/perso/github/nanorv32/rtl/cores/nanorv32_regfile.v:34]
	Parameter NUM_REGS bound to: 32 - type: integer 
	Parameter NANORV32_ADDR_SIZE bound to: 16 - type: integer 
	Parameter NANORV32_ADDR_MSB bound to: 15 - type: integer 
	Parameter NANORV32_DATA_SIZE bound to: 32 - type: integer 
	Parameter NANORV32_DATA_MSB bound to: 31 - type: integer 
	Parameter NANORV32_INSTRUCTION_SIZE bound to: 32 - type: integer 
	Parameter NANORV32_INSTRUCTION_MSB bound to: 31 - type: integer 
	Parameter NANORV32_PERIPH_ADDR_SIZE bound to: 16 - type: integer 
	Parameter NANORV32_PERIPH_ADDR_MSB bound to: 15 - type: integer 
	Parameter NANORV32_RF_PORTA_SIZE bound to: 5 - type: integer 
	Parameter NANORV32_RF_PORTA_MSB bound to: 4 - type: integer 
	Parameter NANORV32_RF_PORTB_SIZE bound to: 5 - type: integer 
	Parameter NANORV32_RF_PORTB_MSB bound to: 4 - type: integer 
	Parameter NANORV32_RF_PORTRD_SIZE bound to: 5 - type: integer 
	Parameter NANORV32_RF_PORTRD_MSB bound to: 4 - type: integer 
	Parameter NANORV32_INST_FORMAT_OPCODE1_OFFSET bound to: 0 - type: integer 
	Parameter NANORV32_INST_FORMAT_OPCODE1_SIZE bound to: 7 - type: integer 
	Parameter NANORV32_INST_FORMAT_OPCODE1_MSB bound to: 6 - type: integer 
	Parameter NANORV32_INST_FORMAT_FUNC3_OFFSET bound to: 12 - type: integer 
	Parameter NANORV32_INST_FORMAT_FUNC3_SIZE bound to: 3 - type: integer 
	Parameter NANORV32_INST_FORMAT_FUNC3_MSB bound to: 2 - type: integer 
	Parameter NANORV32_INST_FORMAT_FUNC7_OFFSET bound to: 25 - type: integer 
	Parameter NANORV32_INST_FORMAT_FUNC7_SIZE bound to: 7 - type: integer 
	Parameter NANORV32_INST_FORMAT_FUNC7_MSB bound to: 6 - type: integer 
	Parameter NANORV32_INST_FORMAT_RD_OFFSET bound to: 7 - type: integer 
	Parameter NANORV32_INST_FORMAT_RD_SIZE bound to: 5 - type: integer 
	Parameter NANORV32_INST_FORMAT_RD_MSB bound to: 4 - type: integer 
	Parameter NANORV32_INST_FORMAT_RS1_OFFSET bound to: 15 - type: integer 
	Parameter NANORV32_INST_FORMAT_RS1_SIZE bound to: 5 - type: integer 
	Parameter NANORV32_INST_FORMAT_RS1_MSB bound to: 4 - type: integer 
	Parameter NANORV32_INST_FORMAT_RS2_OFFSET bound to: 20 - type: integer 
	Parameter NANORV32_INST_FORMAT_RS2_SIZE bound to: 5 - type: integer 
	Parameter NANORV32_INST_FORMAT_RS2_MSB bound to: 4 - type: integer 
	Parameter NANORV32_INST_FORMAT_IMM12_OFFSET bound to: 20 - type: integer 
	Parameter NANORV32_INST_FORMAT_IMM12_SIZE bound to: 12 - type: integer 
	Parameter NANORV32_INST_FORMAT_IMM12_MSB bound to: 11 - type: integer 
	Parameter NANORV32_INST_FORMAT_IMM12HI_OFFSET bound to: 25 - type: integer 
	Parameter NANORV32_INST_FORMAT_IMM12HI_SIZE bound to: 7 - type: integer 
	Parameter NANORV32_INST_FORMAT_IMM12HI_MSB bound to: 6 - type: integer 
	Parameter NANORV32_INST_FORMAT_IMM12LO_OFFSET bound to: 7 - type: integer 
	Parameter NANORV32_INST_FORMAT_IMM12LO_SIZE bound to: 5 - type: integer 
	Parameter NANORV32_INST_FORMAT_IMM12LO_MSB bound to: 4 - type: integer 
	Parameter NANORV32_INST_FORMAT_IMMSB2_OFFSET bound to: 25 - type: integer 
	Parameter NANORV32_INST_FORMAT_IMMSB2_SIZE bound to: 7 - type: integer 
	Parameter NANORV32_INST_FORMAT_IMMSB2_MSB bound to: 6 - type: integer 
	Parameter NANORV32_INST_FORMAT_IMMSB1_OFFSET bound to: 7 - type: integer 
	Parameter NANORV32_INST_FORMAT_IMMSB1_SIZE bound to: 5 - type: integer 
	Parameter NANORV32_INST_FORMAT_IMMSB1_MSB bound to: 4 - type: integer 
	Parameter NANORV32_INST_FORMAT_IMM20_OFFSET bound to: 12 - type: integer 
	Parameter NANORV32_INST_FORMAT_IMM20_SIZE bound to: 20 - type: integer 
	Parameter NANORV32_INST_FORMAT_IMM20_MSB bound to: 19 - type: integer 
	Parameter NANORV32_INST_FORMAT_IMM20UJ_OFFSET bound to: 12 - type: integer 
	Parameter NANORV32_INST_FORMAT_IMM20UJ_SIZE bound to: 20 - type: integer 
	Parameter NANORV32_INST_FORMAT_IMM20UJ_MSB bound to: 19 - type: integer 
	Parameter NANORV32_INST_FORMAT_SHAMT_OFFSET bound to: 20 - type: integer 
	Parameter NANORV32_INST_FORMAT_SHAMT_SIZE bound to: 5 - type: integer 
	Parameter NANORV32_INST_FORMAT_SHAMT_MSB bound to: 4 - type: integer 
	Parameter NANORV32_INST_FORMAT_FUNC4_OFFSET bound to: 28 - type: integer 
	Parameter NANORV32_INST_FORMAT_FUNC4_SIZE bound to: 4 - type: integer 
	Parameter NANORV32_INST_FORMAT_FUNC4_MSB bound to: 3 - type: integer 
	Parameter NANORV32_INST_FORMAT_FUNC12_OFFSET bound to: 20 - type: integer 
	Parameter NANORV32_INST_FORMAT_FUNC12_SIZE bound to: 12 - type: integer 
	Parameter NANORV32_INST_FORMAT_FUNC12_MSB bound to: 11 - type: integer 
	Parameter NANORV32_DECODE_AND bound to: 28723 - type: integer 
	Parameter NANORV32_DECODE_LBU bound to: 16387 - type: integer 
	Parameter NANORV32_DECODE_FENCE bound to: 15 - type: integer 
	Parameter NANORV32_DECODE_SLTI bound to: 8211 - type: integer 
	Parameter NANORV32_DECODE_BLTU bound to: 24675 - type: integer 
	Parameter NANORV32_DECODE_XOR bound to: 16435 - type: integer 
	Parameter NANORV32_DECODE_SLL bound to: 4147 - type: integer 
	Parameter NANORV32_DECODE_LD bound to: 12291 - type: integer 
	Parameter NANORV32_DECODE_ANDI bound to: 28691 - type: integer 
	Parameter NANORV32_DECODE_JALR bound to: 103 - type: integer 
	Parameter NANORV32_DECODE_BLT bound to: 16483 - type: integer 
	Parameter NANORV32_DECODE_SCALL bound to: 115 - type: integer 
	Parameter NANORV32_DECODE_FENCE_I bound to: 4111 - type: integer 
	Parameter NANORV32_DECODE_ADD bound to: 51 - type: integer 
	Parameter NANORV32_DECODE_LH bound to: 4099 - type: integer 
	Parameter NANORV32_DECODE_LWU bound to: 24579 - type: integer 
	Parameter NANORV32_DECODE_LW bound to: 8195 - type: integer 
	Parameter NANORV32_DECODE_JAL bound to: 111 - type: integer 
	Parameter NANORV32_DECODE_AUIPC bound to: 23 - type: integer 
	Parameter NANORV32_DECODE_LUI bound to: 55 - type: integer 
	Parameter NANORV32_DECODE_ADDI bound to: 19 - type: integer 
	Parameter NANORV32_DECODE_SBREAK bound to: 1048691 - type: integer 
	Parameter NANORV32_DECODE_BGEU bound to: 28771 - type: integer 
	Parameter NANORV32_DECODE_SLTIU bound to: 12307 - type: integer 
	Parameter NANORV32_DECODE_SRAI bound to: 1073762323 - type: integer 
	Parameter NANORV32_DECODE_ORI bound to: 24595 - type: integer 
	Parameter NANORV32_DECODE_XORI bound to: 16403 - type: integer 
	Parameter NANORV32_DECODE_LB bound to: 3 - type: integer 
	Parameter NANORV32_DECODE_SUB bound to: 1073741875 - type: integer 
	Parameter NANORV32_DECODE_SRA bound to: 1073762355 - type: integer 
	Parameter NANORV32_DECODE_BGE bound to: 20579 - type: integer 
	Parameter NANORV32_DECODE_SLT bound to: 8243 - type: integer 
	Parameter NANORV32_DECODE_SRLI bound to: 20499 - type: integer 
	Parameter NANORV32_DECODE_SW bound to: 8227 - type: integer 
	Parameter NANORV32_DECODE_SRL bound to: 20531 - type: integer 
	Parameter NANORV32_DECODE_SLTU bound to: 12339 - type: integer 
	Parameter NANORV32_DECODE_LHU bound to: 20483 - type: integer 
	Parameter NANORV32_DECODE_SH bound to: 4131 - type: integer 
	Parameter NANORV32_DECODE_SLLI bound to: 4115 - type: integer 
	Parameter NANORV32_DECODE_BNE bound to: 4195 - type: integer 
	Parameter NANORV32_DECODE_SB bound to: 35 - type: integer 
	Parameter NANORV32_DECODE_BEQ bound to: 99 - type: integer 
	Parameter NANORV32_DECODE_OR bound to: 24627 - type: integer 
	Parameter NANORV32_DECODE_SD bound to: 12323 - type: integer 
	Parameter NANORV32_MUX_SEL_PC_NEXT_SIZE bound to: 2 - type: integer 
	Parameter NANORV32_MUX_SEL_PC_NEXT_MSB bound to: 1 - type: integer 
	Parameter NANORV32_MUX_SEL_PC_NEXT_COND_PC_PLUS_IMMSB bound to: 0 - type: integer 
	Parameter NANORV32_MUX_SEL_PC_NEXT_PLUS4 bound to: 1 - type: integer 
	Parameter NANORV32_MUX_SEL_PC_NEXT_ALU_RES bound to: 2 - type: integer 
	Parameter NANORV32_MUX_SEL_ALU_OP_SIZE bound to: 4 - type: integer 
	Parameter NANORV32_MUX_SEL_ALU_OP_MSB bound to: 3 - type: integer 
	Parameter NANORV32_MUX_SEL_ALU_OP_AND bound to: 0 - type: integer 
	Parameter NANORV32_MUX_SEL_ALU_OP_XOR bound to: 1 - type: integer 
	Parameter NANORV32_MUX_SEL_ALU_OP_SUB bound to: 2 - type: integer 
	Parameter NANORV32_MUX_SEL_ALU_OP_LT_SIGNED bound to: 3 - type: integer 
	Parameter NANORV32_MUX_SEL_ALU_OP_GE_UNSIGNED bound to: 4 - type: integer 
	Parameter NANORV32_MUX_SEL_ALU_OP_NOP bound to: 5 - type: integer 
	Parameter NANORV32_MUX_SEL_ALU_OP_ARSHIFT bound to: 6 - type: integer 
	Parameter NANORV32_MUX_SEL_ALU_OP_GE_SIGNED bound to: 7 - type: integer 
	Parameter NANORV32_MUX_SEL_ALU_OP_LT_UNSIGNED bound to: 8 - type: integer 
	Parameter NANORV32_MUX_SEL_ALU_OP_ADD bound to: 9 - type: integer 
	Parameter NANORV32_MUX_SEL_ALU_OP_NOOP bound to: 10 - type: integer 
	Parameter NANORV32_MUX_SEL_ALU_OP_LSHIFT bound to: 11 - type: integer 
	Parameter NANORV32_MUX_SEL_ALU_OP_RSHIFT bound to: 12 - type: integer 
	Parameter NANORV32_MUX_SEL_ALU_OP_EQ bound to: 13 - type: integer 
	Parameter NANORV32_MUX_SEL_ALU_OP_OR bound to: 14 - type: integer 
	Parameter NANORV32_MUX_SEL_ALU_OP_NEQ bound to: 15 - type: integer 
	Parameter NANORV32_MUX_SEL_ALU_PORTB_SIZE bound to: 3 - type: integer 
	Parameter NANORV32_MUX_SEL_ALU_PORTB_MSB bound to: 2 - type: integer 
	Parameter NANORV32_MUX_SEL_ALU_PORTB_SHAMT bound to: 0 - type: integer 
	Parameter NANORV32_MUX_SEL_ALU_PORTB_IMM12 bound to: 1 - type: integer 
	Parameter NANORV32_MUX_SEL_ALU_PORTB_IMM12HILO bound to: 2 - type: integer 
	Parameter NANORV32_MUX_SEL_ALU_PORTB_IMM20U bound to: 3 - type: integer 
	Parameter NANORV32_MUX_SEL_ALU_PORTB_IMM20UJ bound to: 4 - type: integer 
	Parameter NANORV32_MUX_SEL_ALU_PORTB_RS2 bound to: 5 - type: integer 
	Parameter NANORV32_MUX_SEL_ALU_PORTA_SIZE bound to: 1 - type: integer 
	Parameter NANORV32_MUX_SEL_ALU_PORTA_MSB bound to: 0 - type: integer 
	Parameter NANORV32_MUX_SEL_ALU_PORTA_PC_EXE bound to: 0 - type: integer 
	Parameter NANORV32_MUX_SEL_ALU_PORTA_RS1 bound to: 1 - type: integer 
	Parameter NANORV32_MUX_SEL_DATAMEM_SIZE_READ_SIZE bound to: 3 - type: integer 
	Parameter NANORV32_MUX_SEL_DATAMEM_SIZE_READ_MSB bound to: 2 - type: integer 
	Parameter NANORV32_MUX_SEL_DATAMEM_SIZE_READ_HALFWORD_UNSIGNED bound to: 0 - type: integer 
	Parameter NANORV32_MUX_SEL_DATAMEM_SIZE_READ_HALFWORD bound to: 1 - type: integer 
	Parameter NANORV32_MUX_SEL_DATAMEM_SIZE_READ_WORD bound to: 2 - type: integer 
	Parameter NANORV32_MUX_SEL_DATAMEM_SIZE_READ_BYTE bound to: 3 - type: integer 
	Parameter NANORV32_MUX_SEL_DATAMEM_SIZE_READ_BYTE_UNSIGNED bound to: 4 - type: integer 
	Parameter NANORV32_MUX_SEL_DATAMEM_WRITE_SIZE bound to: 2 - type: integer 
	Parameter NANORV32_MUX_SEL_DATAMEM_WRITE_MSB bound to: 1 - type: integer 
	Parameter NANORV32_MUX_SEL_DATAMEM_WRITE_YES bound to: 0 - type: integer 
	Parameter NANORV32_MUX_SEL_DATAMEM_WRITE_WORD bound to: 1 - type: integer 
	Parameter NANORV32_MUX_SEL_DATAMEM_WRITE_NO bound to: 2 - type: integer 
	Parameter NANORV32_MUX_SEL_DATAMEM_SIZE_WRITE_SIZE bound to: 2 - type: integer 
	Parameter NANORV32_MUX_SEL_DATAMEM_SIZE_WRITE_MSB bound to: 1 - type: integer 
	Parameter NANORV32_MUX_SEL_DATAMEM_SIZE_WRITE_BYTE bound to: 0 - type: integer 
	Parameter NANORV32_MUX_SEL_DATAMEM_SIZE_WRITE_HALFWORD bound to: 1 - type: integer 
	Parameter NANORV32_MUX_SEL_DATAMEM_SIZE_WRITE_WORD bound to: 2 - type: integer 
	Parameter NANORV32_MUX_SEL_DATAMEM_READ_SIZE bound to: 1 - type: integer 
	Parameter NANORV32_MUX_SEL_DATAMEM_READ_MSB bound to: 0 - type: integer 
	Parameter NANORV32_MUX_SEL_DATAMEM_READ_YES bound to: 0 - type: integer 
	Parameter NANORV32_MUX_SEL_DATAMEM_READ_NO bound to: 1 - type: integer 
	Parameter NANORV32_MUX_SEL_REGFILE_SOURCE_SIZE bound to: 2 - type: integer 
	Parameter NANORV32_MUX_SEL_REGFILE_SOURCE_MSB bound to: 1 - type: integer 
	Parameter NANORV32_MUX_SEL_REGFILE_SOURCE_PC_EXE_PLUS_4 bound to: 0 - type: integer 
	Parameter NANORV32_MUX_SEL_REGFILE_SOURCE_ALU bound to: 1 - type: integer 
	Parameter NANORV32_MUX_SEL_REGFILE_SOURCE_DATAMEM bound to: 2 - type: integer 
	Parameter NANORV32_MUX_SEL_REGFILE_WRITE_SIZE bound to: 1 - type: integer 
	Parameter NANORV32_MUX_SEL_REGFILE_WRITE_MSB bound to: 0 - type: integer 
	Parameter NANORV32_MUX_SEL_REGFILE_WRITE_YES bound to: 0 - type: integer 
	Parameter NANORV32_MUX_SEL_REGFILE_WRITE_NO bound to: 1 - type: integer 
	Parameter NANORV32_SHAMT_FILL bound to: 27 - type: integer 
	Parameter NANORV32_PSTATE_BITS bound to: 3 - type: integer 
	Parameter NANORV32_PSTATE_MSB bound to: 2 - type: integer 
	Parameter NANORV32_PSTATE_RESET bound to: 0 - type: integer 
	Parameter NANORV32_PSTATE_CONT bound to: 1 - type: integer 
	Parameter NANORV32_PSTATE_BRANCH bound to: 2 - type: integer 
	Parameter NANORV32_PSTATE_STALL bound to: 3 - type: integer 
	Parameter NANORV32_PSTATE_WAITLD bound to: 4 - type: integer 
	Parameter NANORV32_J0_INSTRUCTION bound to: 111 - type: integer 
	Parameter NANORV32_CODE_BASE_ADDRESS bound to: 0 - type: integer 
	Parameter NANORV32_RAM_BASE_ADDRESS bound to: 536870912 - type: integer 
	Parameter NANORV32_PERIPH_BASE_ADDRESS bound to: -268435456 - type: integer 
INFO: [Synth 8-256] done synthesizing module 'nanorv32_regfile' (1#1) [/home/roba/perso/github/nanorv32/rtl/cores/nanorv32_regfile.v:34]
INFO: [Synth 8-638] synthesizing module 'nanorv32_alu' [/home/roba/perso/github/nanorv32/rtl/cores/nanorv32_alu.v:31]
	Parameter NANORV32_ADDR_SIZE bound to: 16 - type: integer 
	Parameter NANORV32_ADDR_MSB bound to: 15 - type: integer 
	Parameter NANORV32_DATA_SIZE bound to: 32 - type: integer 
	Parameter NANORV32_DATA_MSB bound to: 31 - type: integer 
	Parameter NANORV32_INSTRUCTION_SIZE bound to: 32 - type: integer 
	Parameter NANORV32_INSTRUCTION_MSB bound to: 31 - type: integer 
	Parameter NANORV32_PERIPH_ADDR_SIZE bound to: 16 - type: integer 
	Parameter NANORV32_PERIPH_ADDR_MSB bound to: 15 - type: integer 
	Parameter NANORV32_RF_PORTA_SIZE bound to: 5 - type: integer 
	Parameter NANORV32_RF_PORTA_MSB bound to: 4 - type: integer 
	Parameter NANORV32_RF_PORTB_SIZE bound to: 5 - type: integer 
	Parameter NANORV32_RF_PORTB_MSB bound to: 4 - type: integer 
	Parameter NANORV32_RF_PORTRD_SIZE bound to: 5 - type: integer 
	Parameter NANORV32_RF_PORTRD_MSB bound to: 4 - type: integer 
	Parameter NANORV32_INST_FORMAT_OPCODE1_OFFSET bound to: 0 - type: integer 
	Parameter NANORV32_INST_FORMAT_OPCODE1_SIZE bound to: 7 - type: integer 
	Parameter NANORV32_INST_FORMAT_OPCODE1_MSB bound to: 6 - type: integer 
	Parameter NANORV32_INST_FORMAT_FUNC3_OFFSET bound to: 12 - type: integer 
	Parameter NANORV32_INST_FORMAT_FUNC3_SIZE bound to: 3 - type: integer 
	Parameter NANORV32_INST_FORMAT_FUNC3_MSB bound to: 2 - type: integer 
	Parameter NANORV32_INST_FORMAT_FUNC7_OFFSET bound to: 25 - type: integer 
	Parameter NANORV32_INST_FORMAT_FUNC7_SIZE bound to: 7 - type: integer 
	Parameter NANORV32_INST_FORMAT_FUNC7_MSB bound to: 6 - type: integer 
	Parameter NANORV32_INST_FORMAT_RD_OFFSET bound to: 7 - type: integer 
	Parameter NANORV32_INST_FORMAT_RD_SIZE bound to: 5 - type: integer 
	Parameter NANORV32_INST_FORMAT_RD_MSB bound to: 4 - type: integer 
	Parameter NANORV32_INST_FORMAT_RS1_OFFSET bound to: 15 - type: integer 
	Parameter NANORV32_INST_FORMAT_RS1_SIZE bound to: 5 - type: integer 
	Parameter NANORV32_INST_FORMAT_RS1_MSB bound to: 4 - type: integer 
	Parameter NANORV32_INST_FORMAT_RS2_OFFSET bound to: 20 - type: integer 
	Parameter NANORV32_INST_FORMAT_RS2_SIZE bound to: 5 - type: integer 
	Parameter NANORV32_INST_FORMAT_RS2_MSB bound to: 4 - type: integer 
	Parameter NANORV32_INST_FORMAT_IMM12_OFFSET bound to: 20 - type: integer 
	Parameter NANORV32_INST_FORMAT_IMM12_SIZE bound to: 12 - type: integer 
	Parameter NANORV32_INST_FORMAT_IMM12_MSB bound to: 11 - type: integer 
	Parameter NANORV32_INST_FORMAT_IMM12HI_OFFSET bound to: 25 - type: integer 
	Parameter NANORV32_INST_FORMAT_IMM12HI_SIZE bound to: 7 - type: integer 
	Parameter NANORV32_INST_FORMAT_IMM12HI_MSB bound to: 6 - type: integer 
	Parameter NANORV32_INST_FORMAT_IMM12LO_OFFSET bound to: 7 - type: integer 
	Parameter NANORV32_INST_FORMAT_IMM12LO_SIZE bound to: 5 - type: integer 
	Parameter NANORV32_INST_FORMAT_IMM12LO_MSB bound to: 4 - type: integer 
	Parameter NANORV32_INST_FORMAT_IMMSB2_OFFSET bound to: 25 - type: integer 
	Parameter NANORV32_INST_FORMAT_IMMSB2_SIZE bound to: 7 - type: integer 
	Parameter NANORV32_INST_FORMAT_IMMSB2_MSB bound to: 6 - type: integer 
	Parameter NANORV32_INST_FORMAT_IMMSB1_OFFSET bound to: 7 - type: integer 
	Parameter NANORV32_INST_FORMAT_IMMSB1_SIZE bound to: 5 - type: integer 
	Parameter NANORV32_INST_FORMAT_IMMSB1_MSB bound to: 4 - type: integer 
	Parameter NANORV32_INST_FORMAT_IMM20_OFFSET bound to: 12 - type: integer 
	Parameter NANORV32_INST_FORMAT_IMM20_SIZE bound to: 20 - type: integer 
	Parameter NANORV32_INST_FORMAT_IMM20_MSB bound to: 19 - type: integer 
	Parameter NANORV32_INST_FORMAT_IMM20UJ_OFFSET bound to: 12 - type: integer 
	Parameter NANORV32_INST_FORMAT_IMM20UJ_SIZE bound to: 20 - type: integer 
	Parameter NANORV32_INST_FORMAT_IMM20UJ_MSB bound to: 19 - type: integer 
	Parameter NANORV32_INST_FORMAT_SHAMT_OFFSET bound to: 20 - type: integer 
	Parameter NANORV32_INST_FORMAT_SHAMT_SIZE bound to: 5 - type: integer 
	Parameter NANORV32_INST_FORMAT_SHAMT_MSB bound to: 4 - type: integer 
	Parameter NANORV32_INST_FORMAT_FUNC4_OFFSET bound to: 28 - type: integer 
	Parameter NANORV32_INST_FORMAT_FUNC4_SIZE bound to: 4 - type: integer 
	Parameter NANORV32_INST_FORMAT_FUNC4_MSB bound to: 3 - type: integer 
	Parameter NANORV32_INST_FORMAT_FUNC12_OFFSET bound to: 20 - type: integer 
	Parameter NANORV32_INST_FORMAT_FUNC12_SIZE bound to: 12 - type: integer 
	Parameter NANORV32_INST_FORMAT_FUNC12_MSB bound to: 11 - type: integer 
	Parameter NANORV32_DECODE_AND bound to: 28723 - type: integer 
	Parameter NANORV32_DECODE_LBU bound to: 16387 - type: integer 
	Parameter NANORV32_DECODE_FENCE bound to: 15 - type: integer 
	Parameter NANORV32_DECODE_SLTI bound to: 8211 - type: integer 
	Parameter NANORV32_DECODE_BLTU bound to: 24675 - type: integer 
	Parameter NANORV32_DECODE_XOR bound to: 16435 - type: integer 
	Parameter NANORV32_DECODE_SLL bound to: 4147 - type: integer 
	Parameter NANORV32_DECODE_LD bound to: 12291 - type: integer 
	Parameter NANORV32_DECODE_ANDI bound to: 28691 - type: integer 
	Parameter NANORV32_DECODE_JALR bound to: 103 - type: integer 
	Parameter NANORV32_DECODE_BLT bound to: 16483 - type: integer 
	Parameter NANORV32_DECODE_SCALL bound to: 115 - type: integer 
	Parameter NANORV32_DECODE_FENCE_I bound to: 4111 - type: integer 
	Parameter NANORV32_DECODE_ADD bound to: 51 - type: integer 
	Parameter NANORV32_DECODE_LH bound to: 4099 - type: integer 
	Parameter NANORV32_DECODE_LWU bound to: 24579 - type: integer 
	Parameter NANORV32_DECODE_LW bound to: 8195 - type: integer 
	Parameter NANORV32_DECODE_JAL bound to: 111 - type: integer 
	Parameter NANORV32_DECODE_AUIPC bound to: 23 - type: integer 
	Parameter NANORV32_DECODE_LUI bound to: 55 - type: integer 
	Parameter NANORV32_DECODE_ADDI bound to: 19 - type: integer 
	Parameter NANORV32_DECODE_SBREAK bound to: 1048691 - type: integer 
	Parameter NANORV32_DECODE_BGEU bound to: 28771 - type: integer 
	Parameter NANORV32_DECODE_SLTIU bound to: 12307 - type: integer 
	Parameter NANORV32_DECODE_SRAI bound to: 1073762323 - type: integer 
	Parameter NANORV32_DECODE_ORI bound to: 24595 - type: integer 
	Parameter NANORV32_DECODE_XORI bound to: 16403 - type: integer 
	Parameter NANORV32_DECODE_LB bound to: 3 - type: integer 
	Parameter NANORV32_DECODE_SUB bound to: 1073741875 - type: integer 
	Parameter NANORV32_DECODE_SRA bound to: 1073762355 - type: integer 
	Parameter NANORV32_DECODE_BGE bound to: 20579 - type: integer 
	Parameter NANORV32_DECODE_SLT bound to: 8243 - type: integer 
	Parameter NANORV32_DECODE_SRLI bound to: 20499 - type: integer 
	Parameter NANORV32_DECODE_SW bound to: 8227 - type: integer 
	Parameter NANORV32_DECODE_SRL bound to: 20531 - type: integer 
	Parameter NANORV32_DECODE_SLTU bound to: 12339 - type: integer 
	Parameter NANORV32_DECODE_LHU bound to: 20483 - type: integer 
	Parameter NANORV32_DECODE_SH bound to: 4131 - type: integer 
	Parameter NANORV32_DECODE_SLLI bound to: 4115 - type: integer 
	Parameter NANORV32_DECODE_BNE bound to: 4195 - type: integer 
	Parameter NANORV32_DECODE_SB bound to: 35 - type: integer 
	Parameter NANORV32_DECODE_BEQ bound to: 99 - type: integer 
	Parameter NANORV32_DECODE_OR bound to: 24627 - type: integer 
	Parameter NANORV32_DECODE_SD bound to: 12323 - type: integer 
	Parameter NANORV32_MUX_SEL_PC_NEXT_SIZE bound to: 2 - type: integer 
	Parameter NANORV32_MUX_SEL_PC_NEXT_MSB bound to: 1 - type: integer 
	Parameter NANORV32_MUX_SEL_PC_NEXT_COND_PC_PLUS_IMMSB bound to: 0 - type: integer 
	Parameter NANORV32_MUX_SEL_PC_NEXT_PLUS4 bound to: 1 - type: integer 
	Parameter NANORV32_MUX_SEL_PC_NEXT_ALU_RES bound to: 2 - type: integer 
	Parameter NANORV32_MUX_SEL_ALU_OP_SIZE bound to: 4 - type: integer 
	Parameter NANORV32_MUX_SEL_ALU_OP_MSB bound to: 3 - type: integer 
	Parameter NANORV32_MUX_SEL_ALU_OP_AND bound to: 0 - type: integer 
	Parameter NANORV32_MUX_SEL_ALU_OP_XOR bound to: 1 - type: integer 
	Parameter NANORV32_MUX_SEL_ALU_OP_SUB bound to: 2 - type: integer 
	Parameter NANORV32_MUX_SEL_ALU_OP_LT_SIGNED bound to: 3 - type: integer 
	Parameter NANORV32_MUX_SEL_ALU_OP_GE_UNSIGNED bound to: 4 - type: integer 
	Parameter NANORV32_MUX_SEL_ALU_OP_NOP bound to: 5 - type: integer 
	Parameter NANORV32_MUX_SEL_ALU_OP_ARSHIFT bound to: 6 - type: integer 
	Parameter NANORV32_MUX_SEL_ALU_OP_GE_SIGNED bound to: 7 - type: integer 
	Parameter NANORV32_MUX_SEL_ALU_OP_LT_UNSIGNED bound to: 8 - type: integer 
	Parameter NANORV32_MUX_SEL_ALU_OP_ADD bound to: 9 - type: integer 
	Parameter NANORV32_MUX_SEL_ALU_OP_NOOP bound to: 10 - type: integer 
	Parameter NANORV32_MUX_SEL_ALU_OP_LSHIFT bound to: 11 - type: integer 
	Parameter NANORV32_MUX_SEL_ALU_OP_RSHIFT bound to: 12 - type: integer 
	Parameter NANORV32_MUX_SEL_ALU_OP_EQ bound to: 13 - type: integer 
	Parameter NANORV32_MUX_SEL_ALU_OP_OR bound to: 14 - type: integer 
	Parameter NANORV32_MUX_SEL_ALU_OP_NEQ bound to: 15 - type: integer 
	Parameter NANORV32_MUX_SEL_ALU_PORTB_SIZE bound to: 3 - type: integer 
	Parameter NANORV32_MUX_SEL_ALU_PORTB_MSB bound to: 2 - type: integer 
	Parameter NANORV32_MUX_SEL_ALU_PORTB_SHAMT bound to: 0 - type: integer 
	Parameter NANORV32_MUX_SEL_ALU_PORTB_IMM12 bound to: 1 - type: integer 
	Parameter NANORV32_MUX_SEL_ALU_PORTB_IMM12HILO bound to: 2 - type: integer 
	Parameter NANORV32_MUX_SEL_ALU_PORTB_IMM20U bound to: 3 - type: integer 
	Parameter NANORV32_MUX_SEL_ALU_PORTB_IMM20UJ bound to: 4 - type: integer 
	Parameter NANORV32_MUX_SEL_ALU_PORTB_RS2 bound to: 5 - type: integer 
	Parameter NANORV32_MUX_SEL_ALU_PORTA_SIZE bound to: 1 - type: integer 
	Parameter NANORV32_MUX_SEL_ALU_PORTA_MSB bound to: 0 - type: integer 
	Parameter NANORV32_MUX_SEL_ALU_PORTA_PC_EXE bound to: 0 - type: integer 
	Parameter NANORV32_MUX_SEL_ALU_PORTA_RS1 bound to: 1 - type: integer 
	Parameter NANORV32_MUX_SEL_DATAMEM_SIZE_READ_SIZE bound to: 3 - type: integer 
	Parameter NANORV32_MUX_SEL_DATAMEM_SIZE_READ_MSB bound to: 2 - type: integer 
	Parameter NANORV32_MUX_SEL_DATAMEM_SIZE_READ_HALFWORD_UNSIGNED bound to: 0 - type: integer 
	Parameter NANORV32_MUX_SEL_DATAMEM_SIZE_READ_HALFWORD bound to: 1 - type: integer 
	Parameter NANORV32_MUX_SEL_DATAMEM_SIZE_READ_WORD bound to: 2 - type: integer 
	Parameter NANORV32_MUX_SEL_DATAMEM_SIZE_READ_BYTE bound to: 3 - type: integer 
	Parameter NANORV32_MUX_SEL_DATAMEM_SIZE_READ_BYTE_UNSIGNED bound to: 4 - type: integer 
	Parameter NANORV32_MUX_SEL_DATAMEM_WRITE_SIZE bound to: 2 - type: integer 
	Parameter NANORV32_MUX_SEL_DATAMEM_WRITE_MSB bound to: 1 - type: integer 
	Parameter NANORV32_MUX_SEL_DATAMEM_WRITE_YES bound to: 0 - type: integer 
	Parameter NANORV32_MUX_SEL_DATAMEM_WRITE_WORD bound to: 1 - type: integer 
	Parameter NANORV32_MUX_SEL_DATAMEM_WRITE_NO bound to: 2 - type: integer 
	Parameter NANORV32_MUX_SEL_DATAMEM_SIZE_WRITE_SIZE bound to: 2 - type: integer 
	Parameter NANORV32_MUX_SEL_DATAMEM_SIZE_WRITE_MSB bound to: 1 - type: integer 
	Parameter NANORV32_MUX_SEL_DATAMEM_SIZE_WRITE_BYTE bound to: 0 - type: integer 
	Parameter NANORV32_MUX_SEL_DATAMEM_SIZE_WRITE_HALFWORD bound to: 1 - type: integer 
	Parameter NANORV32_MUX_SEL_DATAMEM_SIZE_WRITE_WORD bound to: 2 - type: integer 
	Parameter NANORV32_MUX_SEL_DATAMEM_READ_SIZE bound to: 1 - type: integer 
	Parameter NANORV32_MUX_SEL_DATAMEM_READ_MSB bound to: 0 - type: integer 
	Parameter NANORV32_MUX_SEL_DATAMEM_READ_YES bound to: 0 - type: integer 
	Parameter NANORV32_MUX_SEL_DATAMEM_READ_NO bound to: 1 - type: integer 
	Parameter NANORV32_MUX_SEL_REGFILE_SOURCE_SIZE bound to: 2 - type: integer 
	Parameter NANORV32_MUX_SEL_REGFILE_SOURCE_MSB bound to: 1 - type: integer 
	Parameter NANORV32_MUX_SEL_REGFILE_SOURCE_PC_EXE_PLUS_4 bound to: 0 - type: integer 
	Parameter NANORV32_MUX_SEL_REGFILE_SOURCE_ALU bound to: 1 - type: integer 
	Parameter NANORV32_MUX_SEL_REGFILE_SOURCE_DATAMEM bound to: 2 - type: integer 
	Parameter NANORV32_MUX_SEL_REGFILE_WRITE_SIZE bound to: 1 - type: integer 
	Parameter NANORV32_MUX_SEL_REGFILE_WRITE_MSB bound to: 0 - type: integer 
	Parameter NANORV32_MUX_SEL_REGFILE_WRITE_YES bound to: 0 - type: integer 
	Parameter NANORV32_MUX_SEL_REGFILE_WRITE_NO bound to: 1 - type: integer 
	Parameter NANORV32_SHAMT_FILL bound to: 27 - type: integer 
	Parameter NANORV32_PSTATE_BITS bound to: 3 - type: integer 
	Parameter NANORV32_PSTATE_MSB bound to: 2 - type: integer 
	Parameter NANORV32_PSTATE_RESET bound to: 0 - type: integer 
	Parameter NANORV32_PSTATE_CONT bound to: 1 - type: integer 
	Parameter NANORV32_PSTATE_BRANCH bound to: 2 - type: integer 
	Parameter NANORV32_PSTATE_STALL bound to: 3 - type: integer 
	Parameter NANORV32_PSTATE_WAITLD bound to: 4 - type: integer 
	Parameter NANORV32_J0_INSTRUCTION bound to: 111 - type: integer 
	Parameter NANORV32_CODE_BASE_ADDRESS bound to: 0 - type: integer 
	Parameter NANORV32_RAM_BASE_ADDRESS bound to: 536870912 - type: integer 
	Parameter NANORV32_PERIPH_BASE_ADDRESS bound to: -268435456 - type: integer 
INFO: [Synth 8-155] case statement is not full and has no default [/home/roba/perso/github/nanorv32/rtl/cores/nanorv32_alu.v:60]
INFO: [Synth 8-256] done synthesizing module 'nanorv32_alu' (2#1) [/home/roba/perso/github/nanorv32/rtl/cores/nanorv32_alu.v:31]
INFO: [Synth 8-226] default block is never used [/home/roba/perso/github/nanorv32/rtl/cores/nanorv32.v:1126]
INFO: [Synth 8-226] default block is never used [/home/roba/perso/github/nanorv32/rtl/cores/nanorv32.v:1150]
INFO: [Synth 8-256] done synthesizing module 'nanorv32' (3#1) [/home/roba/perso/github/nanorv32/rtl/cores/nanorv32.v:34]
INFO: [Synth 8-638] synthesizing module 'nanorv32_tcm_ctrl' [/home/roba/perso/github/nanorv32/rtl/ips/nanorv32_tcm_ctrl.v:32]
	Parameter SIZE bound to: 8192 - type: integer 
	Parameter ADDR_WIDTH bound to: 13 - type: integer 
	Parameter NANORV32_ADDR_SIZE bound to: 16 - type: integer 
	Parameter NANORV32_ADDR_MSB bound to: 15 - type: integer 
	Parameter NANORV32_DATA_SIZE bound to: 32 - type: integer 
	Parameter NANORV32_DATA_MSB bound to: 31 - type: integer 
	Parameter NANORV32_INSTRUCTION_SIZE bound to: 32 - type: integer 
	Parameter NANORV32_INSTRUCTION_MSB bound to: 31 - type: integer 
	Parameter NANORV32_PERIPH_ADDR_SIZE bound to: 16 - type: integer 
	Parameter NANORV32_PERIPH_ADDR_MSB bound to: 15 - type: integer 
	Parameter NANORV32_RF_PORTA_SIZE bound to: 5 - type: integer 
	Parameter NANORV32_RF_PORTA_MSB bound to: 4 - type: integer 
	Parameter NANORV32_RF_PORTB_SIZE bound to: 5 - type: integer 
	Parameter NANORV32_RF_PORTB_MSB bound to: 4 - type: integer 
	Parameter NANORV32_RF_PORTRD_SIZE bound to: 5 - type: integer 
	Parameter NANORV32_RF_PORTRD_MSB bound to: 4 - type: integer 
	Parameter NANORV32_INST_FORMAT_OPCODE1_OFFSET bound to: 0 - type: integer 
	Parameter NANORV32_INST_FORMAT_OPCODE1_SIZE bound to: 7 - type: integer 
	Parameter NANORV32_INST_FORMAT_OPCODE1_MSB bound to: 6 - type: integer 
	Parameter NANORV32_INST_FORMAT_FUNC3_OFFSET bound to: 12 - type: integer 
	Parameter NANORV32_INST_FORMAT_FUNC3_SIZE bound to: 3 - type: integer 
	Parameter NANORV32_INST_FORMAT_FUNC3_MSB bound to: 2 - type: integer 
	Parameter NANORV32_INST_FORMAT_FUNC7_OFFSET bound to: 25 - type: integer 
	Parameter NANORV32_INST_FORMAT_FUNC7_SIZE bound to: 7 - type: integer 
	Parameter NANORV32_INST_FORMAT_FUNC7_MSB bound to: 6 - type: integer 
	Parameter NANORV32_INST_FORMAT_RD_OFFSET bound to: 7 - type: integer 
	Parameter NANORV32_INST_FORMAT_RD_SIZE bound to: 5 - type: integer 
	Parameter NANORV32_INST_FORMAT_RD_MSB bound to: 4 - type: integer 
	Parameter NANORV32_INST_FORMAT_RS1_OFFSET bound to: 15 - type: integer 
	Parameter NANORV32_INST_FORMAT_RS1_SIZE bound to: 5 - type: integer 
	Parameter NANORV32_INST_FORMAT_RS1_MSB bound to: 4 - type: integer 
	Parameter NANORV32_INST_FORMAT_RS2_OFFSET bound to: 20 - type: integer 
	Parameter NANORV32_INST_FORMAT_RS2_SIZE bound to: 5 - type: integer 
	Parameter NANORV32_INST_FORMAT_RS2_MSB bound to: 4 - type: integer 
	Parameter NANORV32_INST_FORMAT_IMM12_OFFSET bound to: 20 - type: integer 
	Parameter NANORV32_INST_FORMAT_IMM12_SIZE bound to: 12 - type: integer 
	Parameter NANORV32_INST_FORMAT_IMM12_MSB bound to: 11 - type: integer 
	Parameter NANORV32_INST_FORMAT_IMM12HI_OFFSET bound to: 25 - type: integer 
	Parameter NANORV32_INST_FORMAT_IMM12HI_SIZE bound to: 7 - type: integer 
	Parameter NANORV32_INST_FORMAT_IMM12HI_MSB bound to: 6 - type: integer 
	Parameter NANORV32_INST_FORMAT_IMM12LO_OFFSET bound to: 7 - type: integer 
	Parameter NANORV32_INST_FORMAT_IMM12LO_SIZE bound to: 5 - type: integer 
	Parameter NANORV32_INST_FORMAT_IMM12LO_MSB bound to: 4 - type: integer 
	Parameter NANORV32_INST_FORMAT_IMMSB2_OFFSET bound to: 25 - type: integer 
	Parameter NANORV32_INST_FORMAT_IMMSB2_SIZE bound to: 7 - type: integer 
	Parameter NANORV32_INST_FORMAT_IMMSB2_MSB bound to: 6 - type: integer 
	Parameter NANORV32_INST_FORMAT_IMMSB1_OFFSET bound to: 7 - type: integer 
	Parameter NANORV32_INST_FORMAT_IMMSB1_SIZE bound to: 5 - type: integer 
	Parameter NANORV32_INST_FORMAT_IMMSB1_MSB bound to: 4 - type: integer 
	Parameter NANORV32_INST_FORMAT_IMM20_OFFSET bound to: 12 - type: integer 
	Parameter NANORV32_INST_FORMAT_IMM20_SIZE bound to: 20 - type: integer 
	Parameter NANORV32_INST_FORMAT_IMM20_MSB bound to: 19 - type: integer 
	Parameter NANORV32_INST_FORMAT_IMM20UJ_OFFSET bound to: 12 - type: integer 
	Parameter NANORV32_INST_FORMAT_IMM20UJ_SIZE bound to: 20 - type: integer 
	Parameter NANORV32_INST_FORMAT_IMM20UJ_MSB bound to: 19 - type: integer 
	Parameter NANORV32_INST_FORMAT_SHAMT_OFFSET bound to: 20 - type: integer 
	Parameter NANORV32_INST_FORMAT_SHAMT_SIZE bound to: 5 - type: integer 
	Parameter NANORV32_INST_FORMAT_SHAMT_MSB bound to: 4 - type: integer 
	Parameter NANORV32_INST_FORMAT_FUNC4_OFFSET bound to: 28 - type: integer 
	Parameter NANORV32_INST_FORMAT_FUNC4_SIZE bound to: 4 - type: integer 
	Parameter NANORV32_INST_FORMAT_FUNC4_MSB bound to: 3 - type: integer 
	Parameter NANORV32_INST_FORMAT_FUNC12_OFFSET bound to: 20 - type: integer 
	Parameter NANORV32_INST_FORMAT_FUNC12_SIZE bound to: 12 - type: integer 
	Parameter NANORV32_INST_FORMAT_FUNC12_MSB bound to: 11 - type: integer 
	Parameter NANORV32_DECODE_AND bound to: 28723 - type: integer 
	Parameter NANORV32_DECODE_LBU bound to: 16387 - type: integer 
	Parameter NANORV32_DECODE_FENCE bound to: 15 - type: integer 
	Parameter NANORV32_DECODE_SLTI bound to: 8211 - type: integer 
	Parameter NANORV32_DECODE_BLTU bound to: 24675 - type: integer 
	Parameter NANORV32_DECODE_XOR bound to: 16435 - type: integer 
	Parameter NANORV32_DECODE_SLL bound to: 4147 - type: integer 
	Parameter NANORV32_DECODE_LD bound to: 12291 - type: integer 
	Parameter NANORV32_DECODE_ANDI bound to: 28691 - type: integer 
	Parameter NANORV32_DECODE_JALR bound to: 103 - type: integer 
	Parameter NANORV32_DECODE_BLT bound to: 16483 - type: integer 
	Parameter NANORV32_DECODE_SCALL bound to: 115 - type: integer 
	Parameter NANORV32_DECODE_FENCE_I bound to: 4111 - type: integer 
	Parameter NANORV32_DECODE_ADD bound to: 51 - type: integer 
	Parameter NANORV32_DECODE_LH bound to: 4099 - type: integer 
	Parameter NANORV32_DECODE_LWU bound to: 24579 - type: integer 
	Parameter NANORV32_DECODE_LW bound to: 8195 - type: integer 
	Parameter NANORV32_DECODE_JAL bound to: 111 - type: integer 
	Parameter NANORV32_DECODE_AUIPC bound to: 23 - type: integer 
	Parameter NANORV32_DECODE_LUI bound to: 55 - type: integer 
	Parameter NANORV32_DECODE_ADDI bound to: 19 - type: integer 
	Parameter NANORV32_DECODE_SBREAK bound to: 1048691 - type: integer 
	Parameter NANORV32_DECODE_BGEU bound to: 28771 - type: integer 
	Parameter NANORV32_DECODE_SLTIU bound to: 12307 - type: integer 
	Parameter NANORV32_DECODE_SRAI bound to: 1073762323 - type: integer 
	Parameter NANORV32_DECODE_ORI bound to: 24595 - type: integer 
	Parameter NANORV32_DECODE_XORI bound to: 16403 - type: integer 
	Parameter NANORV32_DECODE_LB bound to: 3 - type: integer 
	Parameter NANORV32_DECODE_SUB bound to: 1073741875 - type: integer 
	Parameter NANORV32_DECODE_SRA bound to: 1073762355 - type: integer 
	Parameter NANORV32_DECODE_BGE bound to: 20579 - type: integer 
	Parameter NANORV32_DECODE_SLT bound to: 8243 - type: integer 
	Parameter NANORV32_DECODE_SRLI bound to: 20499 - type: integer 
	Parameter NANORV32_DECODE_SW bound to: 8227 - type: integer 
	Parameter NANORV32_DECODE_SRL bound to: 20531 - type: integer 
	Parameter NANORV32_DECODE_SLTU bound to: 12339 - type: integer 
	Parameter NANORV32_DECODE_LHU bound to: 20483 - type: integer 
	Parameter NANORV32_DECODE_SH bound to: 4131 - type: integer 
	Parameter NANORV32_DECODE_SLLI bound to: 4115 - type: integer 
	Parameter NANORV32_DECODE_BNE bound to: 4195 - type: integer 
	Parameter NANORV32_DECODE_SB bound to: 35 - type: integer 
	Parameter NANORV32_DECODE_BEQ bound to: 99 - type: integer 
	Parameter NANORV32_DECODE_OR bound to: 24627 - type: integer 
	Parameter NANORV32_DECODE_SD bound to: 12323 - type: integer 
	Parameter NANORV32_MUX_SEL_PC_NEXT_SIZE bound to: 2 - type: integer 
	Parameter NANORV32_MUX_SEL_PC_NEXT_MSB bound to: 1 - type: integer 
	Parameter NANORV32_MUX_SEL_PC_NEXT_COND_PC_PLUS_IMMSB bound to: 0 - type: integer 
	Parameter NANORV32_MUX_SEL_PC_NEXT_PLUS4 bound to: 1 - type: integer 
	Parameter NANORV32_MUX_SEL_PC_NEXT_ALU_RES bound to: 2 - type: integer 
	Parameter NANORV32_MUX_SEL_ALU_OP_SIZE bound to: 4 - type: integer 
	Parameter NANORV32_MUX_SEL_ALU_OP_MSB bound to: 3 - type: integer 
	Parameter NANORV32_MUX_SEL_ALU_OP_AND bound to: 0 - type: integer 
	Parameter NANORV32_MUX_SEL_ALU_OP_XOR bound to: 1 - type: integer 
	Parameter NANORV32_MUX_SEL_ALU_OP_SUB bound to: 2 - type: integer 
	Parameter NANORV32_MUX_SEL_ALU_OP_LT_SIGNED bound to: 3 - type: integer 
	Parameter NANORV32_MUX_SEL_ALU_OP_GE_UNSIGNED bound to: 4 - type: integer 
	Parameter NANORV32_MUX_SEL_ALU_OP_NOP bound to: 5 - type: integer 
	Parameter NANORV32_MUX_SEL_ALU_OP_ARSHIFT bound to: 6 - type: integer 
	Parameter NANORV32_MUX_SEL_ALU_OP_GE_SIGNED bound to: 7 - type: integer 
	Parameter NANORV32_MUX_SEL_ALU_OP_LT_UNSIGNED bound to: 8 - type: integer 
	Parameter NANORV32_MUX_SEL_ALU_OP_ADD bound to: 9 - type: integer 
	Parameter NANORV32_MUX_SEL_ALU_OP_NOOP bound to: 10 - type: integer 
	Parameter NANORV32_MUX_SEL_ALU_OP_LSHIFT bound to: 11 - type: integer 
	Parameter NANORV32_MUX_SEL_ALU_OP_RSHIFT bound to: 12 - type: integer 
	Parameter NANORV32_MUX_SEL_ALU_OP_EQ bound to: 13 - type: integer 
	Parameter NANORV32_MUX_SEL_ALU_OP_OR bound to: 14 - type: integer 
	Parameter NANORV32_MUX_SEL_ALU_OP_NEQ bound to: 15 - type: integer 
	Parameter NANORV32_MUX_SEL_ALU_PORTB_SIZE bound to: 3 - type: integer 
	Parameter NANORV32_MUX_SEL_ALU_PORTB_MSB bound to: 2 - type: integer 
	Parameter NANORV32_MUX_SEL_ALU_PORTB_SHAMT bound to: 0 - type: integer 
	Parameter NANORV32_MUX_SEL_ALU_PORTB_IMM12 bound to: 1 - type: integer 
	Parameter NANORV32_MUX_SEL_ALU_PORTB_IMM12HILO bound to: 2 - type: integer 
	Parameter NANORV32_MUX_SEL_ALU_PORTB_IMM20U bound to: 3 - type: integer 
	Parameter NANORV32_MUX_SEL_ALU_PORTB_IMM20UJ bound to: 4 - type: integer 
	Parameter NANORV32_MUX_SEL_ALU_PORTB_RS2 bound to: 5 - type: integer 
	Parameter NANORV32_MUX_SEL_ALU_PORTA_SIZE bound to: 1 - type: integer 
	Parameter NANORV32_MUX_SEL_ALU_PORTA_MSB bound to: 0 - type: integer 
	Parameter NANORV32_MUX_SEL_ALU_PORTA_PC_EXE bound to: 0 - type: integer 
	Parameter NANORV32_MUX_SEL_ALU_PORTA_RS1 bound to: 1 - type: integer 
	Parameter NANORV32_MUX_SEL_DATAMEM_SIZE_READ_SIZE bound to: 3 - type: integer 
	Parameter NANORV32_MUX_SEL_DATAMEM_SIZE_READ_MSB bound to: 2 - type: integer 
	Parameter NANORV32_MUX_SEL_DATAMEM_SIZE_READ_HALFWORD_UNSIGNED bound to: 0 - type: integer 
	Parameter NANORV32_MUX_SEL_DATAMEM_SIZE_READ_HALFWORD bound to: 1 - type: integer 
	Parameter NANORV32_MUX_SEL_DATAMEM_SIZE_READ_WORD bound to: 2 - type: integer 
	Parameter NANORV32_MUX_SEL_DATAMEM_SIZE_READ_BYTE bound to: 3 - type: integer 
	Parameter NANORV32_MUX_SEL_DATAMEM_SIZE_READ_BYTE_UNSIGNED bound to: 4 - type: integer 
	Parameter NANORV32_MUX_SEL_DATAMEM_WRITE_SIZE bound to: 2 - type: integer 
	Parameter NANORV32_MUX_SEL_DATAMEM_WRITE_MSB bound to: 1 - type: integer 
	Parameter NANORV32_MUX_SEL_DATAMEM_WRITE_YES bound to: 0 - type: integer 
	Parameter NANORV32_MUX_SEL_DATAMEM_WRITE_WORD bound to: 1 - type: integer 
	Parameter NANORV32_MUX_SEL_DATAMEM_WRITE_NO bound to: 2 - type: integer 
	Parameter NANORV32_MUX_SEL_DATAMEM_SIZE_WRITE_SIZE bound to: 2 - type: integer 
	Parameter NANORV32_MUX_SEL_DATAMEM_SIZE_WRITE_MSB bound to: 1 - type: integer 
	Parameter NANORV32_MUX_SEL_DATAMEM_SIZE_WRITE_BYTE bound to: 0 - type: integer 
	Parameter NANORV32_MUX_SEL_DATAMEM_SIZE_WRITE_HALFWORD bound to: 1 - type: integer 
	Parameter NANORV32_MUX_SEL_DATAMEM_SIZE_WRITE_WORD bound to: 2 - type: integer 
	Parameter NANORV32_MUX_SEL_DATAMEM_READ_SIZE bound to: 1 - type: integer 
	Parameter NANORV32_MUX_SEL_DATAMEM_READ_MSB bound to: 0 - type: integer 
	Parameter NANORV32_MUX_SEL_DATAMEM_READ_YES bound to: 0 - type: integer 
	Parameter NANORV32_MUX_SEL_DATAMEM_READ_NO bound to: 1 - type: integer 
	Parameter NANORV32_MUX_SEL_REGFILE_SOURCE_SIZE bound to: 2 - type: integer 
	Parameter NANORV32_MUX_SEL_REGFILE_SOURCE_MSB bound to: 1 - type: integer 
	Parameter NANORV32_MUX_SEL_REGFILE_SOURCE_PC_EXE_PLUS_4 bound to: 0 - type: integer 
	Parameter NANORV32_MUX_SEL_REGFILE_SOURCE_ALU bound to: 1 - type: integer 
	Parameter NANORV32_MUX_SEL_REGFILE_SOURCE_DATAMEM bound to: 2 - type: integer 
	Parameter NANORV32_MUX_SEL_REGFILE_WRITE_SIZE bound to: 1 - type: integer 
	Parameter NANORV32_MUX_SEL_REGFILE_WRITE_MSB bound to: 0 - type: integer 
	Parameter NANORV32_MUX_SEL_REGFILE_WRITE_YES bound to: 0 - type: integer 
	Parameter NANORV32_MUX_SEL_REGFILE_WRITE_NO bound to: 1 - type: integer 
	Parameter NANORV32_SHAMT_FILL bound to: 27 - type: integer 
	Parameter NANORV32_PSTATE_BITS bound to: 3 - type: integer 
	Parameter NANORV32_PSTATE_MSB bound to: 2 - type: integer 
	Parameter NANORV32_PSTATE_RESET bound to: 0 - type: integer 
	Parameter NANORV32_PSTATE_CONT bound to: 1 - type: integer 
	Parameter NANORV32_PSTATE_BRANCH bound to: 2 - type: integer 
	Parameter NANORV32_PSTATE_STALL bound to: 3 - type: integer 
	Parameter NANORV32_PSTATE_WAITLD bound to: 4 - type: integer 
	Parameter NANORV32_J0_INSTRUCTION bound to: 111 - type: integer 
	Parameter NANORV32_CODE_BASE_ADDRESS bound to: 0 - type: integer 
	Parameter NANORV32_RAM_BASE_ADDRESS bound to: 536870912 - type: integer 
	Parameter NANORV32_PERIPH_BASE_ADDRESS bound to: -268435456 - type: integer 
INFO: [Synth 8-638] synthesizing module 'bytewrite_ram_32bits' [/home/roba/perso/github/nanorv32/rtl/ips/bytewrite_ram_32bits.v:12]
	Parameter SIZE bound to: 8192 - type: integer 
	Parameter ADDR_WIDTH bound to: 11 - type: integer 
	Parameter filename bound to: code.hex - type: string 
	Parameter COL_WIDTH bound to: 8 - type: integer 
	Parameter NB_COL bound to: 4 - type: integer 
CRITICAL WARNING: [Synth 8-4445] could not open $readmem data file 'code.hex'; please make sure the file is added to project and has read permission, ignoring [/home/roba/perso/github/nanorv32/rtl/ips/bytewrite_ram_32bits.v:39]
INFO: [Synth 8-256] done synthesizing module 'bytewrite_ram_32bits' (4#1) [/home/roba/perso/github/nanorv32/rtl/ips/bytewrite_ram_32bits.v:12]
INFO: [Synth 8-256] done synthesizing module 'nanorv32_tcm_ctrl' (5#1) [/home/roba/perso/github/nanorv32/rtl/ips/nanorv32_tcm_ctrl.v:32]
WARNING: [Synth 8-689] width (15) of port connection 'addr' does not match port width (13) of module 'nanorv32_tcm_ctrl' [/home/roba/perso/github/nanorv32/rtl/chips/nanorv32_simple.v:169]
WARNING: [Synth 8-689] width (15) of port connection 'addr' does not match port width (13) of module 'nanorv32_tcm_ctrl' [/home/roba/perso/github/nanorv32/rtl/chips/nanorv32_simple.v:197]
INFO: [Synth 8-638] synthesizing module 'nanorv32_tcm_arbitrer' [/home/roba/perso/github/nanorv32/rtl/ips/nanorv32_tcm_arbitrer.v:32]
	Parameter ADDR_WIDTH bound to: 13 - type: integer 
	Parameter NANORV32_ADDR_SIZE bound to: 16 - type: integer 
	Parameter NANORV32_ADDR_MSB bound to: 15 - type: integer 
	Parameter NANORV32_DATA_SIZE bound to: 32 - type: integer 
	Parameter NANORV32_DATA_MSB bound to: 31 - type: integer 
	Parameter NANORV32_INSTRUCTION_SIZE bound to: 32 - type: integer 
	Parameter NANORV32_INSTRUCTION_MSB bound to: 31 - type: integer 
	Parameter NANORV32_PERIPH_ADDR_SIZE bound to: 16 - type: integer 
	Parameter NANORV32_PERIPH_ADDR_MSB bound to: 15 - type: integer 
	Parameter NANORV32_RF_PORTA_SIZE bound to: 5 - type: integer 
	Parameter NANORV32_RF_PORTA_MSB bound to: 4 - type: integer 
	Parameter NANORV32_RF_PORTB_SIZE bound to: 5 - type: integer 
	Parameter NANORV32_RF_PORTB_MSB bound to: 4 - type: integer 
	Parameter NANORV32_RF_PORTRD_SIZE bound to: 5 - type: integer 
	Parameter NANORV32_RF_PORTRD_MSB bound to: 4 - type: integer 
	Parameter NANORV32_INST_FORMAT_OPCODE1_OFFSET bound to: 0 - type: integer 
	Parameter NANORV32_INST_FORMAT_OPCODE1_SIZE bound to: 7 - type: integer 
	Parameter NANORV32_INST_FORMAT_OPCODE1_MSB bound to: 6 - type: integer 
	Parameter NANORV32_INST_FORMAT_FUNC3_OFFSET bound to: 12 - type: integer 
	Parameter NANORV32_INST_FORMAT_FUNC3_SIZE bound to: 3 - type: integer 
	Parameter NANORV32_INST_FORMAT_FUNC3_MSB bound to: 2 - type: integer 
	Parameter NANORV32_INST_FORMAT_FUNC7_OFFSET bound to: 25 - type: integer 
	Parameter NANORV32_INST_FORMAT_FUNC7_SIZE bound to: 7 - type: integer 
	Parameter NANORV32_INST_FORMAT_FUNC7_MSB bound to: 6 - type: integer 
	Parameter NANORV32_INST_FORMAT_RD_OFFSET bound to: 7 - type: integer 
	Parameter NANORV32_INST_FORMAT_RD_SIZE bound to: 5 - type: integer 
	Parameter NANORV32_INST_FORMAT_RD_MSB bound to: 4 - type: integer 
	Parameter NANORV32_INST_FORMAT_RS1_OFFSET bound to: 15 - type: integer 
	Parameter NANORV32_INST_FORMAT_RS1_SIZE bound to: 5 - type: integer 
	Parameter NANORV32_INST_FORMAT_RS1_MSB bound to: 4 - type: integer 
	Parameter NANORV32_INST_FORMAT_RS2_OFFSET bound to: 20 - type: integer 
	Parameter NANORV32_INST_FORMAT_RS2_SIZE bound to: 5 - type: integer 
	Parameter NANORV32_INST_FORMAT_RS2_MSB bound to: 4 - type: integer 
	Parameter NANORV32_INST_FORMAT_IMM12_OFFSET bound to: 20 - type: integer 
	Parameter NANORV32_INST_FORMAT_IMM12_SIZE bound to: 12 - type: integer 
	Parameter NANORV32_INST_FORMAT_IMM12_MSB bound to: 11 - type: integer 
	Parameter NANORV32_INST_FORMAT_IMM12HI_OFFSET bound to: 25 - type: integer 
	Parameter NANORV32_INST_FORMAT_IMM12HI_SIZE bound to: 7 - type: integer 
	Parameter NANORV32_INST_FORMAT_IMM12HI_MSB bound to: 6 - type: integer 
	Parameter NANORV32_INST_FORMAT_IMM12LO_OFFSET bound to: 7 - type: integer 
	Parameter NANORV32_INST_FORMAT_IMM12LO_SIZE bound to: 5 - type: integer 
	Parameter NANORV32_INST_FORMAT_IMM12LO_MSB bound to: 4 - type: integer 
	Parameter NANORV32_INST_FORMAT_IMMSB2_OFFSET bound to: 25 - type: integer 
	Parameter NANORV32_INST_FORMAT_IMMSB2_SIZE bound to: 7 - type: integer 
	Parameter NANORV32_INST_FORMAT_IMMSB2_MSB bound to: 6 - type: integer 
	Parameter NANORV32_INST_FORMAT_IMMSB1_OFFSET bound to: 7 - type: integer 
	Parameter NANORV32_INST_FORMAT_IMMSB1_SIZE bound to: 5 - type: integer 
	Parameter NANORV32_INST_FORMAT_IMMSB1_MSB bound to: 4 - type: integer 
	Parameter NANORV32_INST_FORMAT_IMM20_OFFSET bound to: 12 - type: integer 
	Parameter NANORV32_INST_FORMAT_IMM20_SIZE bound to: 20 - type: integer 
	Parameter NANORV32_INST_FORMAT_IMM20_MSB bound to: 19 - type: integer 
	Parameter NANORV32_INST_FORMAT_IMM20UJ_OFFSET bound to: 12 - type: integer 
	Parameter NANORV32_INST_FORMAT_IMM20UJ_SIZE bound to: 20 - type: integer 
	Parameter NANORV32_INST_FORMAT_IMM20UJ_MSB bound to: 19 - type: integer 
	Parameter NANORV32_INST_FORMAT_SHAMT_OFFSET bound to: 20 - type: integer 
	Parameter NANORV32_INST_FORMAT_SHAMT_SIZE bound to: 5 - type: integer 
	Parameter NANORV32_INST_FORMAT_SHAMT_MSB bound to: 4 - type: integer 
	Parameter NANORV32_INST_FORMAT_FUNC4_OFFSET bound to: 28 - type: integer 
	Parameter NANORV32_INST_FORMAT_FUNC4_SIZE bound to: 4 - type: integer 
	Parameter NANORV32_INST_FORMAT_FUNC4_MSB bound to: 3 - type: integer 
	Parameter NANORV32_INST_FORMAT_FUNC12_OFFSET bound to: 20 - type: integer 
	Parameter NANORV32_INST_FORMAT_FUNC12_SIZE bound to: 12 - type: integer 
	Parameter NANORV32_INST_FORMAT_FUNC12_MSB bound to: 11 - type: integer 
	Parameter NANORV32_DECODE_AND bound to: 28723 - type: integer 
	Parameter NANORV32_DECODE_LBU bound to: 16387 - type: integer 
	Parameter NANORV32_DECODE_FENCE bound to: 15 - type: integer 
	Parameter NANORV32_DECODE_SLTI bound to: 8211 - type: integer 
	Parameter NANORV32_DECODE_BLTU bound to: 24675 - type: integer 
	Parameter NANORV32_DECODE_XOR bound to: 16435 - type: integer 
	Parameter NANORV32_DECODE_SLL bound to: 4147 - type: integer 
	Parameter NANORV32_DECODE_LD bound to: 12291 - type: integer 
	Parameter NANORV32_DECODE_ANDI bound to: 28691 - type: integer 
	Parameter NANORV32_DECODE_JALR bound to: 103 - type: integer 
	Parameter NANORV32_DECODE_BLT bound to: 16483 - type: integer 
	Parameter NANORV32_DECODE_SCALL bound to: 115 - type: integer 
	Parameter NANORV32_DECODE_FENCE_I bound to: 4111 - type: integer 
	Parameter NANORV32_DECODE_ADD bound to: 51 - type: integer 
	Parameter NANORV32_DECODE_LH bound to: 4099 - type: integer 
	Parameter NANORV32_DECODE_LWU bound to: 24579 - type: integer 
	Parameter NANORV32_DECODE_LW bound to: 8195 - type: integer 
	Parameter NANORV32_DECODE_JAL bound to: 111 - type: integer 
	Parameter NANORV32_DECODE_AUIPC bound to: 23 - type: integer 
	Parameter NANORV32_DECODE_LUI bound to: 55 - type: integer 
	Parameter NANORV32_DECODE_ADDI bound to: 19 - type: integer 
	Parameter NANORV32_DECODE_SBREAK bound to: 1048691 - type: integer 
	Parameter NANORV32_DECODE_BGEU bound to: 28771 - type: integer 
	Parameter NANORV32_DECODE_SLTIU bound to: 12307 - type: integer 
	Parameter NANORV32_DECODE_SRAI bound to: 1073762323 - type: integer 
	Parameter NANORV32_DECODE_ORI bound to: 24595 - type: integer 
	Parameter NANORV32_DECODE_XORI bound to: 16403 - type: integer 
	Parameter NANORV32_DECODE_LB bound to: 3 - type: integer 
	Parameter NANORV32_DECODE_SUB bound to: 1073741875 - type: integer 
	Parameter NANORV32_DECODE_SRA bound to: 1073762355 - type: integer 
	Parameter NANORV32_DECODE_BGE bound to: 20579 - type: integer 
	Parameter NANORV32_DECODE_SLT bound to: 8243 - type: integer 
	Parameter NANORV32_DECODE_SRLI bound to: 20499 - type: integer 
	Parameter NANORV32_DECODE_SW bound to: 8227 - type: integer 
	Parameter NANORV32_DECODE_SRL bound to: 20531 - type: integer 
	Parameter NANORV32_DECODE_SLTU bound to: 12339 - type: integer 
	Parameter NANORV32_DECODE_LHU bound to: 20483 - type: integer 
	Parameter NANORV32_DECODE_SH bound to: 4131 - type: integer 
	Parameter NANORV32_DECODE_SLLI bound to: 4115 - type: integer 
	Parameter NANORV32_DECODE_BNE bound to: 4195 - type: integer 
	Parameter NANORV32_DECODE_SB bound to: 35 - type: integer 
	Parameter NANORV32_DECODE_BEQ bound to: 99 - type: integer 
	Parameter NANORV32_DECODE_OR bound to: 24627 - type: integer 
	Parameter NANORV32_DECODE_SD bound to: 12323 - type: integer 
	Parameter NANORV32_MUX_SEL_PC_NEXT_SIZE bound to: 2 - type: integer 
	Parameter NANORV32_MUX_SEL_PC_NEXT_MSB bound to: 1 - type: integer 
	Parameter NANORV32_MUX_SEL_PC_NEXT_COND_PC_PLUS_IMMSB bound to: 0 - type: integer 
	Parameter NANORV32_MUX_SEL_PC_NEXT_PLUS4 bound to: 1 - type: integer 
	Parameter NANORV32_MUX_SEL_PC_NEXT_ALU_RES bound to: 2 - type: integer 
	Parameter NANORV32_MUX_SEL_ALU_OP_SIZE bound to: 4 - type: integer 
	Parameter NANORV32_MUX_SEL_ALU_OP_MSB bound to: 3 - type: integer 
	Parameter NANORV32_MUX_SEL_ALU_OP_AND bound to: 0 - type: integer 
	Parameter NANORV32_MUX_SEL_ALU_OP_XOR bound to: 1 - type: integer 
	Parameter NANORV32_MUX_SEL_ALU_OP_SUB bound to: 2 - type: integer 
	Parameter NANORV32_MUX_SEL_ALU_OP_LT_SIGNED bound to: 3 - type: integer 
	Parameter NANORV32_MUX_SEL_ALU_OP_GE_UNSIGNED bound to: 4 - type: integer 
	Parameter NANORV32_MUX_SEL_ALU_OP_NOP bound to: 5 - type: integer 
	Parameter NANORV32_MUX_SEL_ALU_OP_ARSHIFT bound to: 6 - type: integer 
	Parameter NANORV32_MUX_SEL_ALU_OP_GE_SIGNED bound to: 7 - type: integer 
	Parameter NANORV32_MUX_SEL_ALU_OP_LT_UNSIGNED bound to: 8 - type: integer 
	Parameter NANORV32_MUX_SEL_ALU_OP_ADD bound to: 9 - type: integer 
	Parameter NANORV32_MUX_SEL_ALU_OP_NOOP bound to: 10 - type: integer 
	Parameter NANORV32_MUX_SEL_ALU_OP_LSHIFT bound to: 11 - type: integer 
	Parameter NANORV32_MUX_SEL_ALU_OP_RSHIFT bound to: 12 - type: integer 
	Parameter NANORV32_MUX_SEL_ALU_OP_EQ bound to: 13 - type: integer 
	Parameter NANORV32_MUX_SEL_ALU_OP_OR bound to: 14 - type: integer 
	Parameter NANORV32_MUX_SEL_ALU_OP_NEQ bound to: 15 - type: integer 
	Parameter NANORV32_MUX_SEL_ALU_PORTB_SIZE bound to: 3 - type: integer 
	Parameter NANORV32_MUX_SEL_ALU_PORTB_MSB bound to: 2 - type: integer 
	Parameter NANORV32_MUX_SEL_ALU_PORTB_SHAMT bound to: 0 - type: integer 
	Parameter NANORV32_MUX_SEL_ALU_PORTB_IMM12 bound to: 1 - type: integer 
	Parameter NANORV32_MUX_SEL_ALU_PORTB_IMM12HILO bound to: 2 - type: integer 
	Parameter NANORV32_MUX_SEL_ALU_PORTB_IMM20U bound to: 3 - type: integer 
	Parameter NANORV32_MUX_SEL_ALU_PORTB_IMM20UJ bound to: 4 - type: integer 
	Parameter NANORV32_MUX_SEL_ALU_PORTB_RS2 bound to: 5 - type: integer 
	Parameter NANORV32_MUX_SEL_ALU_PORTA_SIZE bound to: 1 - type: integer 
	Parameter NANORV32_MUX_SEL_ALU_PORTA_MSB bound to: 0 - type: integer 
	Parameter NANORV32_MUX_SEL_ALU_PORTA_PC_EXE bound to: 0 - type: integer 
	Parameter NANORV32_MUX_SEL_ALU_PORTA_RS1 bound to: 1 - type: integer 
	Parameter NANORV32_MUX_SEL_DATAMEM_SIZE_READ_SIZE bound to: 3 - type: integer 
	Parameter NANORV32_MUX_SEL_DATAMEM_SIZE_READ_MSB bound to: 2 - type: integer 
	Parameter NANORV32_MUX_SEL_DATAMEM_SIZE_READ_HALFWORD_UNSIGNED bound to: 0 - type: integer 
	Parameter NANORV32_MUX_SEL_DATAMEM_SIZE_READ_HALFWORD bound to: 1 - type: integer 
	Parameter NANORV32_MUX_SEL_DATAMEM_SIZE_READ_WORD bound to: 2 - type: integer 
	Parameter NANORV32_MUX_SEL_DATAMEM_SIZE_READ_BYTE bound to: 3 - type: integer 
	Parameter NANORV32_MUX_SEL_DATAMEM_SIZE_READ_BYTE_UNSIGNED bound to: 4 - type: integer 
	Parameter NANORV32_MUX_SEL_DATAMEM_WRITE_SIZE bound to: 2 - type: integer 
	Parameter NANORV32_MUX_SEL_DATAMEM_WRITE_MSB bound to: 1 - type: integer 
	Parameter NANORV32_MUX_SEL_DATAMEM_WRITE_YES bound to: 0 - type: integer 
	Parameter NANORV32_MUX_SEL_DATAMEM_WRITE_WORD bound to: 1 - type: integer 
	Parameter NANORV32_MUX_SEL_DATAMEM_WRITE_NO bound to: 2 - type: integer 
	Parameter NANORV32_MUX_SEL_DATAMEM_SIZE_WRITE_SIZE bound to: 2 - type: integer 
	Parameter NANORV32_MUX_SEL_DATAMEM_SIZE_WRITE_MSB bound to: 1 - type: integer 
	Parameter NANORV32_MUX_SEL_DATAMEM_SIZE_WRITE_BYTE bound to: 0 - type: integer 
	Parameter NANORV32_MUX_SEL_DATAMEM_SIZE_WRITE_HALFWORD bound to: 1 - type: integer 
	Parameter NANORV32_MUX_SEL_DATAMEM_SIZE_WRITE_WORD bound to: 2 - type: integer 
	Parameter NANORV32_MUX_SEL_DATAMEM_READ_SIZE bound to: 1 - type: integer 
	Parameter NANORV32_MUX_SEL_DATAMEM_READ_MSB bound to: 0 - type: integer 
	Parameter NANORV32_MUX_SEL_DATAMEM_READ_YES bound to: 0 - type: integer 
	Parameter NANORV32_MUX_SEL_DATAMEM_READ_NO bound to: 1 - type: integer 
	Parameter NANORV32_MUX_SEL_REGFILE_SOURCE_SIZE bound to: 2 - type: integer 
	Parameter NANORV32_MUX_SEL_REGFILE_SOURCE_MSB bound to: 1 - type: integer 
	Parameter NANORV32_MUX_SEL_REGFILE_SOURCE_PC_EXE_PLUS_4 bound to: 0 - type: integer 
	Parameter NANORV32_MUX_SEL_REGFILE_SOURCE_ALU bound to: 1 - type: integer 
	Parameter NANORV32_MUX_SEL_REGFILE_SOURCE_DATAMEM bound to: 2 - type: integer 
	Parameter NANORV32_MUX_SEL_REGFILE_WRITE_SIZE bound to: 1 - type: integer 
	Parameter NANORV32_MUX_SEL_REGFILE_WRITE_MSB bound to: 0 - type: integer 
	Parameter NANORV32_MUX_SEL_REGFILE_WRITE_YES bound to: 0 - type: integer 
	Parameter NANORV32_MUX_SEL_REGFILE_WRITE_NO bound to: 1 - type: integer 
	Parameter NANORV32_SHAMT_FILL bound to: 27 - type: integer 
	Parameter NANORV32_PSTATE_BITS bound to: 3 - type: integer 
	Parameter NANORV32_PSTATE_MSB bound to: 2 - type: integer 
	Parameter NANORV32_PSTATE_RESET bound to: 0 - type: integer 
	Parameter NANORV32_PSTATE_CONT bound to: 1 - type: integer 
	Parameter NANORV32_PSTATE_BRANCH bound to: 2 - type: integer 
	Parameter NANORV32_PSTATE_STALL bound to: 3 - type: integer 
	Parameter NANORV32_PSTATE_WAITLD bound to: 4 - type: integer 
	Parameter NANORV32_J0_INSTRUCTION bound to: 111 - type: integer 
	Parameter NANORV32_CODE_BASE_ADDRESS bound to: 0 - type: integer 
	Parameter NANORV32_RAM_BASE_ADDRESS bound to: 536870912 - type: integer 
	Parameter NANORV32_PERIPH_BASE_ADDRESS bound to: -268435456 - type: integer 
INFO: [Synth 8-256] done synthesizing module 'nanorv32_tcm_arbitrer' (6#1) [/home/roba/perso/github/nanorv32/rtl/ips/nanorv32_tcm_arbitrer.v:32]
WARNING: [Synth 8-689] width (15) of port connection 'tcmcode_addr' does not match port width (13) of module 'nanorv32_tcm_arbitrer' [/home/roba/perso/github/nanorv32/rtl/chips/nanorv32_simple.v:210]
WARNING: [Synth 8-689] width (15) of port connection 'tcmdata_addr' does not match port width (13) of module 'nanorv32_tcm_arbitrer' [/home/roba/perso/github/nanorv32/rtl/chips/nanorv32_simple.v:214]
WARNING: [Synth 8-689] width (15) of port connection 'periph_addr' does not match port width (13) of module 'nanorv32_tcm_arbitrer' [/home/roba/perso/github/nanorv32/rtl/chips/nanorv32_simple.v:218]
INFO: [Synth 8-638] synthesizing module 'nanorv32_periph_mux' [/home/roba/perso/github/nanorv32/rtl/ips/nanorv32_periph_mux.v:31]
	Parameter NANORV32_ADDR_SIZE bound to: 16 - type: integer 
	Parameter NANORV32_ADDR_MSB bound to: 15 - type: integer 
	Parameter NANORV32_DATA_SIZE bound to: 32 - type: integer 
	Parameter NANORV32_DATA_MSB bound to: 31 - type: integer 
	Parameter NANORV32_INSTRUCTION_SIZE bound to: 32 - type: integer 
	Parameter NANORV32_INSTRUCTION_MSB bound to: 31 - type: integer 
	Parameter NANORV32_PERIPH_ADDR_SIZE bound to: 16 - type: integer 
	Parameter NANORV32_PERIPH_ADDR_MSB bound to: 15 - type: integer 
	Parameter NANORV32_RF_PORTA_SIZE bound to: 5 - type: integer 
	Parameter NANORV32_RF_PORTA_MSB bound to: 4 - type: integer 
	Parameter NANORV32_RF_PORTB_SIZE bound to: 5 - type: integer 
	Parameter NANORV32_RF_PORTB_MSB bound to: 4 - type: integer 
	Parameter NANORV32_RF_PORTRD_SIZE bound to: 5 - type: integer 
	Parameter NANORV32_RF_PORTRD_MSB bound to: 4 - type: integer 
	Parameter NANORV32_INST_FORMAT_OPCODE1_OFFSET bound to: 0 - type: integer 
	Parameter NANORV32_INST_FORMAT_OPCODE1_SIZE bound to: 7 - type: integer 
	Parameter NANORV32_INST_FORMAT_OPCODE1_MSB bound to: 6 - type: integer 
	Parameter NANORV32_INST_FORMAT_FUNC3_OFFSET bound to: 12 - type: integer 
	Parameter NANORV32_INST_FORMAT_FUNC3_SIZE bound to: 3 - type: integer 
	Parameter NANORV32_INST_FORMAT_FUNC3_MSB bound to: 2 - type: integer 
	Parameter NANORV32_INST_FORMAT_FUNC7_OFFSET bound to: 25 - type: integer 
	Parameter NANORV32_INST_FORMAT_FUNC7_SIZE bound to: 7 - type: integer 
	Parameter NANORV32_INST_FORMAT_FUNC7_MSB bound to: 6 - type: integer 
	Parameter NANORV32_INST_FORMAT_RD_OFFSET bound to: 7 - type: integer 
	Parameter NANORV32_INST_FORMAT_RD_SIZE bound to: 5 - type: integer 
	Parameter NANORV32_INST_FORMAT_RD_MSB bound to: 4 - type: integer 
	Parameter NANORV32_INST_FORMAT_RS1_OFFSET bound to: 15 - type: integer 
	Parameter NANORV32_INST_FORMAT_RS1_SIZE bound to: 5 - type: integer 
	Parameter NANORV32_INST_FORMAT_RS1_MSB bound to: 4 - type: integer 
	Parameter NANORV32_INST_FORMAT_RS2_OFFSET bound to: 20 - type: integer 
	Parameter NANORV32_INST_FORMAT_RS2_SIZE bound to: 5 - type: integer 
	Parameter NANORV32_INST_FORMAT_RS2_MSB bound to: 4 - type: integer 
	Parameter NANORV32_INST_FORMAT_IMM12_OFFSET bound to: 20 - type: integer 
	Parameter NANORV32_INST_FORMAT_IMM12_SIZE bound to: 12 - type: integer 
	Parameter NANORV32_INST_FORMAT_IMM12_MSB bound to: 11 - type: integer 
	Parameter NANORV32_INST_FORMAT_IMM12HI_OFFSET bound to: 25 - type: integer 
	Parameter NANORV32_INST_FORMAT_IMM12HI_SIZE bound to: 7 - type: integer 
	Parameter NANORV32_INST_FORMAT_IMM12HI_MSB bound to: 6 - type: integer 
	Parameter NANORV32_INST_FORMAT_IMM12LO_OFFSET bound to: 7 - type: integer 
	Parameter NANORV32_INST_FORMAT_IMM12LO_SIZE bound to: 5 - type: integer 
	Parameter NANORV32_INST_FORMAT_IMM12LO_MSB bound to: 4 - type: integer 
	Parameter NANORV32_INST_FORMAT_IMMSB2_OFFSET bound to: 25 - type: integer 
	Parameter NANORV32_INST_FORMAT_IMMSB2_SIZE bound to: 7 - type: integer 
	Parameter NANORV32_INST_FORMAT_IMMSB2_MSB bound to: 6 - type: integer 
	Parameter NANORV32_INST_FORMAT_IMMSB1_OFFSET bound to: 7 - type: integer 
	Parameter NANORV32_INST_FORMAT_IMMSB1_SIZE bound to: 5 - type: integer 
	Parameter NANORV32_INST_FORMAT_IMMSB1_MSB bound to: 4 - type: integer 
	Parameter NANORV32_INST_FORMAT_IMM20_OFFSET bound to: 12 - type: integer 
	Parameter NANORV32_INST_FORMAT_IMM20_SIZE bound to: 20 - type: integer 
	Parameter NANORV32_INST_FORMAT_IMM20_MSB bound to: 19 - type: integer 
	Parameter NANORV32_INST_FORMAT_IMM20UJ_OFFSET bound to: 12 - type: integer 
	Parameter NANORV32_INST_FORMAT_IMM20UJ_SIZE bound to: 20 - type: integer 
	Parameter NANORV32_INST_FORMAT_IMM20UJ_MSB bound to: 19 - type: integer 
	Parameter NANORV32_INST_FORMAT_SHAMT_OFFSET bound to: 20 - type: integer 
	Parameter NANORV32_INST_FORMAT_SHAMT_SIZE bound to: 5 - type: integer 
	Parameter NANORV32_INST_FORMAT_SHAMT_MSB bound to: 4 - type: integer 
	Parameter NANORV32_INST_FORMAT_FUNC4_OFFSET bound to: 28 - type: integer 
	Parameter NANORV32_INST_FORMAT_FUNC4_SIZE bound to: 4 - type: integer 
	Parameter NANORV32_INST_FORMAT_FUNC4_MSB bound to: 3 - type: integer 
	Parameter NANORV32_INST_FORMAT_FUNC12_OFFSET bound to: 20 - type: integer 
	Parameter NANORV32_INST_FORMAT_FUNC12_SIZE bound to: 12 - type: integer 
	Parameter NANORV32_INST_FORMAT_FUNC12_MSB bound to: 11 - type: integer 
	Parameter NANORV32_DECODE_AND bound to: 28723 - type: integer 
	Parameter NANORV32_DECODE_LBU bound to: 16387 - type: integer 
	Parameter NANORV32_DECODE_FENCE bound to: 15 - type: integer 
	Parameter NANORV32_DECODE_SLTI bound to: 8211 - type: integer 
	Parameter NANORV32_DECODE_BLTU bound to: 24675 - type: integer 
	Parameter NANORV32_DECODE_XOR bound to: 16435 - type: integer 
	Parameter NANORV32_DECODE_SLL bound to: 4147 - type: integer 
	Parameter NANORV32_DECODE_LD bound to: 12291 - type: integer 
	Parameter NANORV32_DECODE_ANDI bound to: 28691 - type: integer 
	Parameter NANORV32_DECODE_JALR bound to: 103 - type: integer 
	Parameter NANORV32_DECODE_BLT bound to: 16483 - type: integer 
	Parameter NANORV32_DECODE_SCALL bound to: 115 - type: integer 
	Parameter NANORV32_DECODE_FENCE_I bound to: 4111 - type: integer 
	Parameter NANORV32_DECODE_ADD bound to: 51 - type: integer 
	Parameter NANORV32_DECODE_LH bound to: 4099 - type: integer 
	Parameter NANORV32_DECODE_LWU bound to: 24579 - type: integer 
	Parameter NANORV32_DECODE_LW bound to: 8195 - type: integer 
	Parameter NANORV32_DECODE_JAL bound to: 111 - type: integer 
	Parameter NANORV32_DECODE_AUIPC bound to: 23 - type: integer 
	Parameter NANORV32_DECODE_LUI bound to: 55 - type: integer 
	Parameter NANORV32_DECODE_ADDI bound to: 19 - type: integer 
	Parameter NANORV32_DECODE_SBREAK bound to: 1048691 - type: integer 
	Parameter NANORV32_DECODE_BGEU bound to: 28771 - type: integer 
	Parameter NANORV32_DECODE_SLTIU bound to: 12307 - type: integer 
	Parameter NANORV32_DECODE_SRAI bound to: 1073762323 - type: integer 
	Parameter NANORV32_DECODE_ORI bound to: 24595 - type: integer 
	Parameter NANORV32_DECODE_XORI bound to: 16403 - type: integer 
	Parameter NANORV32_DECODE_LB bound to: 3 - type: integer 
	Parameter NANORV32_DECODE_SUB bound to: 1073741875 - type: integer 
	Parameter NANORV32_DECODE_SRA bound to: 1073762355 - type: integer 
	Parameter NANORV32_DECODE_BGE bound to: 20579 - type: integer 
	Parameter NANORV32_DECODE_SLT bound to: 8243 - type: integer 
	Parameter NANORV32_DECODE_SRLI bound to: 20499 - type: integer 
	Parameter NANORV32_DECODE_SW bound to: 8227 - type: integer 
	Parameter NANORV32_DECODE_SRL bound to: 20531 - type: integer 
	Parameter NANORV32_DECODE_SLTU bound to: 12339 - type: integer 
	Parameter NANORV32_DECODE_LHU bound to: 20483 - type: integer 
	Parameter NANORV32_DECODE_SH bound to: 4131 - type: integer 
	Parameter NANORV32_DECODE_SLLI bound to: 4115 - type: integer 
	Parameter NANORV32_DECODE_BNE bound to: 4195 - type: integer 
	Parameter NANORV32_DECODE_SB bound to: 35 - type: integer 
	Parameter NANORV32_DECODE_BEQ bound to: 99 - type: integer 
	Parameter NANORV32_DECODE_OR bound to: 24627 - type: integer 
	Parameter NANORV32_DECODE_SD bound to: 12323 - type: integer 
	Parameter NANORV32_MUX_SEL_PC_NEXT_SIZE bound to: 2 - type: integer 
	Parameter NANORV32_MUX_SEL_PC_NEXT_MSB bound to: 1 - type: integer 
	Parameter NANORV32_MUX_SEL_PC_NEXT_COND_PC_PLUS_IMMSB bound to: 0 - type: integer 
	Parameter NANORV32_MUX_SEL_PC_NEXT_PLUS4 bound to: 1 - type: integer 
	Parameter NANORV32_MUX_SEL_PC_NEXT_ALU_RES bound to: 2 - type: integer 
	Parameter NANORV32_MUX_SEL_ALU_OP_SIZE bound to: 4 - type: integer 
	Parameter NANORV32_MUX_SEL_ALU_OP_MSB bound to: 3 - type: integer 
	Parameter NANORV32_MUX_SEL_ALU_OP_AND bound to: 0 - type: integer 
	Parameter NANORV32_MUX_SEL_ALU_OP_XOR bound to: 1 - type: integer 
	Parameter NANORV32_MUX_SEL_ALU_OP_SUB bound to: 2 - type: integer 
	Parameter NANORV32_MUX_SEL_ALU_OP_LT_SIGNED bound to: 3 - type: integer 
	Parameter NANORV32_MUX_SEL_ALU_OP_GE_UNSIGNED bound to: 4 - type: integer 
	Parameter NANORV32_MUX_SEL_ALU_OP_NOP bound to: 5 - type: integer 
	Parameter NANORV32_MUX_SEL_ALU_OP_ARSHIFT bound to: 6 - type: integer 
	Parameter NANORV32_MUX_SEL_ALU_OP_GE_SIGNED bound to: 7 - type: integer 
	Parameter NANORV32_MUX_SEL_ALU_OP_LT_UNSIGNED bound to: 8 - type: integer 
	Parameter NANORV32_MUX_SEL_ALU_OP_ADD bound to: 9 - type: integer 
	Parameter NANORV32_MUX_SEL_ALU_OP_NOOP bound to: 10 - type: integer 
	Parameter NANORV32_MUX_SEL_ALU_OP_LSHIFT bound to: 11 - type: integer 
	Parameter NANORV32_MUX_SEL_ALU_OP_RSHIFT bound to: 12 - type: integer 
	Parameter NANORV32_MUX_SEL_ALU_OP_EQ bound to: 13 - type: integer 
	Parameter NANORV32_MUX_SEL_ALU_OP_OR bound to: 14 - type: integer 
	Parameter NANORV32_MUX_SEL_ALU_OP_NEQ bound to: 15 - type: integer 
	Parameter NANORV32_MUX_SEL_ALU_PORTB_SIZE bound to: 3 - type: integer 
	Parameter NANORV32_MUX_SEL_ALU_PORTB_MSB bound to: 2 - type: integer 
	Parameter NANORV32_MUX_SEL_ALU_PORTB_SHAMT bound to: 0 - type: integer 
	Parameter NANORV32_MUX_SEL_ALU_PORTB_IMM12 bound to: 1 - type: integer 
	Parameter NANORV32_MUX_SEL_ALU_PORTB_IMM12HILO bound to: 2 - type: integer 
	Parameter NANORV32_MUX_SEL_ALU_PORTB_IMM20U bound to: 3 - type: integer 
	Parameter NANORV32_MUX_SEL_ALU_PORTB_IMM20UJ bound to: 4 - type: integer 
	Parameter NANORV32_MUX_SEL_ALU_PORTB_RS2 bound to: 5 - type: integer 
	Parameter NANORV32_MUX_SEL_ALU_PORTA_SIZE bound to: 1 - type: integer 
	Parameter NANORV32_MUX_SEL_ALU_PORTA_MSB bound to: 0 - type: integer 
	Parameter NANORV32_MUX_SEL_ALU_PORTA_PC_EXE bound to: 0 - type: integer 
	Parameter NANORV32_MUX_SEL_ALU_PORTA_RS1 bound to: 1 - type: integer 
	Parameter NANORV32_MUX_SEL_DATAMEM_SIZE_READ_SIZE bound to: 3 - type: integer 
	Parameter NANORV32_MUX_SEL_DATAMEM_SIZE_READ_MSB bound to: 2 - type: integer 
	Parameter NANORV32_MUX_SEL_DATAMEM_SIZE_READ_HALFWORD_UNSIGNED bound to: 0 - type: integer 
	Parameter NANORV32_MUX_SEL_DATAMEM_SIZE_READ_HALFWORD bound to: 1 - type: integer 
	Parameter NANORV32_MUX_SEL_DATAMEM_SIZE_READ_WORD bound to: 2 - type: integer 
	Parameter NANORV32_MUX_SEL_DATAMEM_SIZE_READ_BYTE bound to: 3 - type: integer 
	Parameter NANORV32_MUX_SEL_DATAMEM_SIZE_READ_BYTE_UNSIGNED bound to: 4 - type: integer 
	Parameter NANORV32_MUX_SEL_DATAMEM_WRITE_SIZE bound to: 2 - type: integer 
	Parameter NANORV32_MUX_SEL_DATAMEM_WRITE_MSB bound to: 1 - type: integer 
	Parameter NANORV32_MUX_SEL_DATAMEM_WRITE_YES bound to: 0 - type: integer 
	Parameter NANORV32_MUX_SEL_DATAMEM_WRITE_WORD bound to: 1 - type: integer 
	Parameter NANORV32_MUX_SEL_DATAMEM_WRITE_NO bound to: 2 - type: integer 
	Parameter NANORV32_MUX_SEL_DATAMEM_SIZE_WRITE_SIZE bound to: 2 - type: integer 
	Parameter NANORV32_MUX_SEL_DATAMEM_SIZE_WRITE_MSB bound to: 1 - type: integer 
	Parameter NANORV32_MUX_SEL_DATAMEM_SIZE_WRITE_BYTE bound to: 0 - type: integer 
	Parameter NANORV32_MUX_SEL_DATAMEM_SIZE_WRITE_HALFWORD bound to: 1 - type: integer 
	Parameter NANORV32_MUX_SEL_DATAMEM_SIZE_WRITE_WORD bound to: 2 - type: integer 
	Parameter NANORV32_MUX_SEL_DATAMEM_READ_SIZE bound to: 1 - type: integer 
	Parameter NANORV32_MUX_SEL_DATAMEM_READ_MSB bound to: 0 - type: integer 
	Parameter NANORV32_MUX_SEL_DATAMEM_READ_YES bound to: 0 - type: integer 
	Parameter NANORV32_MUX_SEL_DATAMEM_READ_NO bound to: 1 - type: integer 
	Parameter NANORV32_MUX_SEL_REGFILE_SOURCE_SIZE bound to: 2 - type: integer 
	Parameter NANORV32_MUX_SEL_REGFILE_SOURCE_MSB bound to: 1 - type: integer 
	Parameter NANORV32_MUX_SEL_REGFILE_SOURCE_PC_EXE_PLUS_4 bound to: 0 - type: integer 
	Parameter NANORV32_MUX_SEL_REGFILE_SOURCE_ALU bound to: 1 - type: integer 
	Parameter NANORV32_MUX_SEL_REGFILE_SOURCE_DATAMEM bound to: 2 - type: integer 
	Parameter NANORV32_MUX_SEL_REGFILE_WRITE_SIZE bound to: 1 - type: integer 
	Parameter NANORV32_MUX_SEL_REGFILE_WRITE_MSB bound to: 0 - type: integer 
	Parameter NANORV32_MUX_SEL_REGFILE_WRITE_YES bound to: 0 - type: integer 
	Parameter NANORV32_MUX_SEL_REGFILE_WRITE_NO bound to: 1 - type: integer 
	Parameter NANORV32_SHAMT_FILL bound to: 27 - type: integer 
	Parameter NANORV32_PSTATE_BITS bound to: 3 - type: integer 
	Parameter NANORV32_PSTATE_MSB bound to: 2 - type: integer 
	Parameter NANORV32_PSTATE_RESET bound to: 0 - type: integer 
	Parameter NANORV32_PSTATE_CONT bound to: 1 - type: integer 
	Parameter NANORV32_PSTATE_BRANCH bound to: 2 - type: integer 
	Parameter NANORV32_PSTATE_STALL bound to: 3 - type: integer 
	Parameter NANORV32_PSTATE_WAITLD bound to: 4 - type: integer 
	Parameter NANORV32_J0_INSTRUCTION bound to: 111 - type: integer 
	Parameter NANORV32_CODE_BASE_ADDRESS bound to: 0 - type: integer 
	Parameter NANORV32_RAM_BASE_ADDRESS bound to: 536870912 - type: integer 
	Parameter NANORV32_PERIPH_BASE_ADDRESS bound to: -268435456 - type: integer 
INFO: [Synth 8-256] done synthesizing module 'nanorv32_periph_mux' (7#1) [/home/roba/perso/github/nanorv32/rtl/ips/nanorv32_periph_mux.v:31]
ERROR: [Synth 8-524] part-select [15:0] out of range of prefix 'periph_addr' [/home/roba/perso/github/nanorv32/rtl/chips/nanorv32_simple.v:257]
ERROR: [Synth 8-285] failed synthesizing module 'nanorv32_simple' [/home/roba/perso/github/nanorv32/rtl/chips/nanorv32_simple.v:35]
---------------------------------------------------------------------------------
Finished RTL Elaboration : Time (s): cpu = 00:00:05 ; elapsed = 00:00:05 . Memory (MB): peak = 1073.613 ; gain = 204.320 ; free physical = 173 ; free virtual = 20545
---------------------------------------------------------------------------------
RTL Elaboration failed
INFO: [Common 17-83] Releasing license: Synthesis
23 Infos, 5 Warnings, 1 Critical Warnings and 3 Errors encountered.
synth_design failed
ERROR: [Common 17-69] Command failed: Synthesis failed - please see the console or run log file for details
